<?xml version="1.0" encoding="UTF-8"?>
<coverage generated="1534372634508" clover="3.2.0">
  <project timestamp="1534372634508" name="All files">
    <metrics statements="294" coveredstatements="205" conditionals="335" coveredconditionals="138" methods="93" coveredmethods="57" elements="722" coveredelements="400" complexity="0" loc="294" ncloc="294" packages="3" files="11" classes="11">
      <package name="lib.es-mapping-ts">
        <metrics statements="157" coveredstatements="89" conditionals="123" coveredconditionals="40" methods="48" coveredmethods="22"/>
        <file name="es-entity.decorator.ts" path="C:\workspace\WS\WS_ES_MAPPING_TS\src\lib\es-mapping-ts\es-entity.decorator.ts">
          <metrics statements="4" coveredstatements="4" conditionals="0" coveredconditionals="0" methods="4" coveredmethods="3"/>
          <line num="5" count="1" type="stmt"/>
          <line num="8" count="1" type="stmt"/>
          <line num="16" count="3" type="stmt"/>
          <line num="17" count="3" type="stmt"/>
        </file>
        <file name="es-field.decorator.ts" path="C:\workspace\WS\WS_ES_MAPPING_TS\src\lib\es-mapping-ts\es-field.decorator.ts">
          <metrics statements="17" coveredstatements="14" conditionals="20" coveredconditionals="16" methods="4" coveredmethods="3"/>
          <line num="6" count="1" type="stmt"/>
          <line num="9" count="1" type="stmt"/>
          <line num="17" count="12" type="stmt"/>
          <line num="18" count="12" type="stmt"/>
          <line num="19" count="12" type="cond" truecount="4" falsecount="0"/>
          <line num="20" count="1" type="stmt"/>
          <line num="22" count="11" type="cond" truecount="2" falsecount="0"/>
          <line num="23" count="2" type="cond" truecount="4" falsecount="0"/>
          <line num="24" count="1" type="stmt"/>
          <line num="26" count="1" type="cond" truecount="1" falsecount="1"/>
          <line num="27" count="0" type="stmt"/>
          <line num="30" count="10" type="cond" truecount="3" falsecount="1"/>
          <line num="31" count="0" type="cond" truecount="0" falsecount="2"/>
          <line num="32" count="0" type="stmt"/>
          <line num="35" count="10" type="cond" truecount="2" falsecount="0"/>
          <line num="36" count="2" type="stmt"/>
          <line num="38" count="10" type="stmt"/>
        </file>
        <file name="es-mapping.service.ts" path="C:\workspace\WS\WS_ES_MAPPING_TS\src\lib\es-mapping-ts\es-mapping.service.ts">
          <metrics statements="121" coveredstatements="57" conditionals="101" coveredconditionals="23" methods="34" coveredmethods="10"/>
          <line num="1" count="1" type="cond" truecount="2" falsecount="1"/>
          <line num="2" count="0" type="cond" truecount="0" falsecount="2"/>
          <line num="3" count="0" type="stmt"/>
          <line num="4" count="0" type="stmt"/>
          <line num="5" count="0" type="cond" truecount="0" falsecount="2"/>
          <line num="6" count="0" type="cond" truecount="0" falsecount="2"/>
          <line num="9" count="1" type="cond" truecount="2" falsecount="1"/>
          <line num="10" count="0" type="cond" truecount="0" falsecount="2"/>
          <line num="11" count="0" type="cond" truecount="0" falsecount="2"/>
          <line num="12" count="0" type="stmt"/>
          <line num="14" count="0" type="cond" truecount="0" falsecount="2"/>
          <line num="15" count="0" type="stmt"/>
          <line num="16" count="0" type="cond" truecount="0" falsecount="9"/>
          <line num="17" count="0" type="cond" truecount="0" falsecount="2"/>
          <line num="18" count="0" type="cond" truecount="0" falsecount="6"/>
          <line num="19" count="0" type="stmt"/>
          <line num="20" count="0" type="stmt"/>
          <line num="21" count="0" type="stmt"/>
          <line num="22" count="0" type="stmt"/>
          <line num="24" count="0" type="cond" truecount="0" falsecount="7"/>
          <line num="25" count="0" type="cond" truecount="0" falsecount="6"/>
          <line num="26" count="0" type="cond" truecount="0" falsecount="4"/>
          <line num="27" count="0" type="cond" truecount="0" falsecount="4"/>
          <line num="28" count="0" type="cond" truecount="0" falsecount="2"/>
          <line num="29" count="0" type="stmt"/>
          <line num="31" count="0" type="stmt"/>
          <line num="32" count="0" type="stmt"/>
          <line num="33" count="0" type="cond" truecount="0" falsecount="4"/>
          <line num="42" count="1" type="stmt"/>
          <line num="44" count="1" type="stmt"/>
          <line num="49" count="1" type="stmt"/>
          <line num="50" count="19" type="cond" truecount="2" falsecount="0"/>
          <line num="51" count="1" type="stmt"/>
          <line num="52" count="1" type="stmt"/>
          <line num="54" count="19" type="stmt"/>
          <line num="61" count="1" type="stmt"/>
          <line num="62" count="3" type="stmt"/>
          <line num="63" count="3" type="stmt"/>
          <line num="64" count="3" type="cond" truecount="1" falsecount="1"/>
          <line num="65" count="0" type="stmt"/>
          <line num="66" count="0" type="stmt"/>
          <line num="68" count="3" type="cond" truecount="2" falsecount="0"/>
          <line num="69" count="2" type="stmt"/>
          <line num="70" count="2" type="stmt"/>
          <line num="71" count="2" type="stmt"/>
          <line num="73" count="3" type="stmt"/>
          <line num="81" count="1" type="stmt"/>
          <line num="82" count="10" type="stmt"/>
          <line num="83" count="10" type="stmt"/>
          <line num="84" count="10" type="cond" truecount="2" falsecount="0"/>
          <line num="85" count="3" type="stmt"/>
          <line num="86" count="3" type="stmt"/>
          <line num="87" count="3" type="stmt"/>
          <line num="89" count="10" type="stmt"/>
          <line num="90" count="10" type="cond" truecount="1" falsecount="1"/>
          <line num="91" count="10" type="cond" truecount="4" falsecount="0"/>
          <line num="92" count="2" type="stmt"/>
          <line num="93" count="2" type="stmt"/>
          <line num="94" count="2" type="cond" truecount="1" falsecount="1"/>
          <line num="95" count="2" type="stmt"/>
          <line num="99" count="8" type="stmt"/>
          <line num="101" count="10" type="stmt"/>
          <line num="104" count="10" type="cond" truecount="2" falsecount="0"/>
          <line num="105" count="10" type="stmt"/>
          <line num="108" count="0" type="stmt"/>
          <line num="111" count="0" type="stmt"/>
          <line num="117" count="1" type="stmt"/>
          <line num="118" count="0" type="stmt"/>
          <line num="123" count="1" type="stmt"/>
          <line num="124" count="0" type="stmt"/>
          <line num="125" count="0" type="stmt"/>
          <line num="131" count="1" type="stmt"/>
          <line num="132" count="0" type="stmt"/>
          <line num="138" count="1" type="stmt"/>
          <line num="139" count="1" type="stmt"/>
          <line num="140" count="1" type="cond" truecount="1" falsecount="1"/>
          <line num="141" count="1" type="stmt"/>
          <line num="143" count="0" type="stmt"/>
          <line num="149" count="1" type="stmt"/>
          <line num="150" count="4" type="stmt"/>
          <line num="151" count="11" type="stmt"/>
          <line num="153" count="4" type="cond" truecount="2" falsecount="0"/>
          <line num="154" count="3" type="stmt"/>
          <line num="156" count="1" type="stmt"/>
          <line num="162" count="1" type="stmt"/>
          <line num="163" count="1" type="stmt"/>
          <line num="164" count="3" type="stmt"/>
          <line num="166" count="1" type="cond" truecount="1" falsecount="1"/>
          <line num="167" count="1" type="stmt"/>
          <line num="169" count="0" type="stmt"/>
          <line num="174" count="1" type="stmt"/>
          <line num="175" count="0" type="stmt"/>
          <line num="176" count="0" type="stmt"/>
          <line num="182" count="1" type="stmt"/>
          <line num="183" count="0" type="stmt"/>
          <line num="184" count="0" type="stmt"/>
          <line num="186" count="0" type="stmt"/>
          <line num="187" count="0" type="cond" truecount="0" falsecount="2"/>
          <line num="189" count="0" type="stmt"/>
          <line num="190" count="0" type="stmt"/>
          <line num="192" count="0" type="stmt"/>
          <line num="193" count="0" type="cond" truecount="0" falsecount="7"/>
          <line num="195" count="0" type="cond" truecount="0" falsecount="2"/>
          <line num="196" count="0" type="stmt"/>
          <line num="197" count="0" type="cond" truecount="0" falsecount="2"/>
          <line num="199" count="0" type="stmt"/>
          <line num="200" count="0" type="stmt"/>
          <line num="202" count="0" type="stmt"/>
          <line num="203" count="0" type="cond" truecount="0" falsecount="2"/>
          <line num="205" count="0" type="stmt"/>
          <line num="208" count="0" type="stmt"/>
          <line num="210" count="0" type="stmt"/>
          <line num="213" count="0" type="stmt"/>
          <line num="214" count="0" type="stmt"/>
          <line num="217" count="0" type="stmt"/>
          <line num="220" count="0" type="stmt"/>
          <line num="221" count="0" type="stmt"/>
          <line num="222" count="0" type="stmt"/>
          <line num="227" count="0" type="stmt"/>
          <line num="228" count="0" type="stmt"/>
          <line num="233" count="1" type="stmt"/>
        </file>
        <file name="es-mapping.ts" path="C:\workspace\WS\WS_ES_MAPPING_TS\src\lib\es-mapping-ts\es-mapping.ts">
          <metrics statements="15" coveredstatements="14" conditionals="2" coveredconditionals="1" methods="6" coveredmethods="6"/>
          <line num="4" count="1" type="stmt"/>
          <line num="6" count="3" type="stmt"/>
          <line num="8" count="1" type="stmt"/>
          <line num="14" count="1" type="stmt"/>
          <line num="16" count="3" type="stmt"/>
          <line num="17" count="3" type="stmt"/>
          <line num="19" count="1" type="stmt"/>
          <line num="20" count="6" type="cond" truecount="1" falsecount="1"/>
          <line num="21" count="0" type="stmt"/>
          <line num="23" count="6" type="stmt"/>
          <line num="24" count="6" type="stmt"/>
          <line num="26" count="1" type="stmt"/>
          <line num="27" count="10" type="stmt"/>
          <line num="28" count="10" type="stmt"/>
          <line num="30" count="1" type="stmt"/>
        </file>
        <file name="index.ts" path="C:\workspace\WS\WS_ES_MAPPING_TS\src\lib\es-mapping-ts\index.ts">
          <metrics statements="0" coveredstatements="0" conditionals="0" coveredconditionals="0" methods="0" coveredmethods="0"/>
        </file>
      </package>
      <package name="test">
        <metrics statements="75" coveredstatements="65" conditionals="62" coveredconditionals="25" methods="25" coveredmethods="20"/>
        <file name="es-mapping.spec.ts" path="C:\workspace\WS\WS_ES_MAPPING_TS\src\test\es-mapping.spec.ts">
          <metrics statements="75" coveredstatements="65" conditionals="62" coveredconditionals="25" methods="25" coveredmethods="20"/>
          <line num="1" count="1" type="cond" truecount="2" falsecount="1"/>
          <line num="2" count="2" type="cond" truecount="2" falsecount="0"/>
          <line num="3" count="0" type="stmt"/>
          <line num="4" count="0" type="stmt"/>
          <line num="5" count="2" type="cond" truecount="1" falsecount="1"/>
          <line num="6" count="2" type="cond" truecount="2" falsecount="0"/>
          <line num="9" count="1" type="cond" truecount="2" falsecount="1"/>
          <line num="10" count="2" type="cond" truecount="0" falsecount="2"/>
          <line num="11" count="2" type="cond" truecount="2" falsecount="0"/>
          <line num="12" count="6" type="stmt"/>
          <line num="14" count="2" type="cond" truecount="1" falsecount="1"/>
          <line num="15" count="4" type="stmt"/>
          <line num="16" count="4" type="cond" truecount="2" falsecount="7"/>
          <line num="17" count="4" type="cond" truecount="1" falsecount="1"/>
          <line num="18" count="4" type="cond" truecount="3" falsecount="3"/>
          <line num="19" count="2" type="stmt"/>
          <line num="20" count="0" type="stmt"/>
          <line num="21" count="0" type="stmt"/>
          <line num="22" count="0" type="stmt"/>
          <line num="24" count="2" type="cond" truecount="5" falsecount="2"/>
          <line num="25" count="0" type="cond" truecount="0" falsecount="6"/>
          <line num="26" count="0" type="cond" truecount="0" falsecount="4"/>
          <line num="27" count="0" type="cond" truecount="0" falsecount="4"/>
          <line num="28" count="0" type="cond" truecount="0" falsecount="2"/>
          <line num="29" count="0" type="stmt"/>
          <line num="31" count="2" type="stmt"/>
          <line num="32" count="4" type="stmt"/>
          <line num="33" count="2" type="cond" truecount="2" falsecount="2"/>
          <line num="36" count="1" type="stmt"/>
          <line num="40" count="1" type="stmt"/>
          <line num="41" count="1" type="stmt"/>
          <line num="42" count="1" type="stmt"/>
          <line num="43" count="1" type="stmt"/>
          <line num="45" count="1" type="stmt"/>
          <line num="46" count="1" type="stmt"/>
          <line num="47" count="1" type="stmt"/>
          <line num="49" count="1" type="stmt"/>
          <line num="50" count="1" type="stmt"/>
          <line num="51" count="1" type="stmt"/>
          <line num="53" count="1" type="stmt"/>
          <line num="54" count="1" type="stmt"/>
          <line num="55" count="1" type="stmt"/>
          <line num="57" count="1" type="stmt"/>
          <line num="58" count="1" type="stmt"/>
          <line num="59" count="1" type="stmt"/>
          <line num="61" count="1" type="stmt"/>
          <line num="62" count="1" type="stmt"/>
          <line num="63" count="1" type="stmt"/>
          <line num="64" count="1" type="stmt"/>
          <line num="65" count="1" type="stmt"/>
          <line num="66" count="1" type="stmt"/>
          <line num="67" count="1" type="stmt"/>
          <line num="68" count="1" type="stmt"/>
          <line num="69" count="1" type="stmt"/>
          <line num="70" count="1" type="stmt"/>
          <line num="71" count="1" type="stmt"/>
          <line num="72" count="1" type="stmt"/>
          <line num="73" count="1" type="stmt"/>
          <line num="74" count="1" type="stmt"/>
          <line num="75" count="1" type="stmt"/>
          <line num="76" count="1" type="stmt"/>
          <line num="78" count="1" type="stmt"/>
          <line num="79" count="1" type="stmt"/>
          <line num="80" count="1" type="stmt"/>
          <line num="81" count="1" type="stmt"/>
          <line num="84" count="1" type="stmt"/>
          <line num="85" count="1" type="stmt"/>
          <line num="87" count="1" type="stmt"/>
          <line num="90" count="1" type="stmt"/>
          <line num="91" count="1" type="stmt"/>
          <line num="92" count="1" type="stmt"/>
          <line num="93" count="1" type="stmt"/>
          <line num="96" count="1" type="stmt"/>
          <line num="97" count="1" type="stmt"/>
          <line num="99" count="1" type="stmt"/>
        </file>
      </package>
      <package name="test.resources">
        <metrics statements="62" coveredstatements="51" conditionals="150" coveredconditionals="73" methods="20" coveredmethods="15"/>
        <file name="master.entity.ts" path="C:\workspace\WS\WS_ES_MAPPING_TS\src\test\resources\master.entity.ts">
          <metrics statements="16" coveredstatements="15" conditionals="29" coveredconditionals="15" methods="4" coveredmethods="3"/>
          <line num="1" count="1" type="cond" truecount="2" falsecount="1"/>
          <line num="2" count="7" type="cond" truecount="3" falsecount="1"/>
          <line num="3" count="7" type="cond" truecount="3" falsecount="1"/>
          <line num="4" count="0" type="cond" truecount="0" falsecount="8"/>
          <line num="5" count="7" type="cond" truecount="2" falsecount="1"/>
          <line num="7" count="1" type="cond" truecount="2" falsecount="1"/>
          <line num="8" count="6" type="cond" truecount="3" falsecount="1"/>
          <line num="13" count="1" type="stmt"/>
          <line num="16" count="1" type="stmt"/>
          <line num="22" count="1" type="stmt"/>
          <line num="29" count="1" type="stmt"/>
          <line num="36" count="1" type="stmt"/>
          <line num="43" count="1" type="stmt"/>
          <line num="50" count="1" type="stmt"/>
          <line num="57" count="1" type="stmt"/>
          <line num="63" count="1" type="stmt"/>
        </file>
        <file name="nested.entity.ts" path="C:\workspace\WS\WS_ES_MAPPING_TS\src\test\resources\nested.entity.ts">
          <metrics statements="12" coveredstatements="11" conditionals="29" coveredconditionals="15" methods="4" coveredmethods="3"/>
          <line num="1" count="1" type="cond" truecount="2" falsecount="1"/>
          <line num="2" count="3" type="cond" truecount="3" falsecount="1"/>
          <line num="3" count="3" type="cond" truecount="3" falsecount="1"/>
          <line num="4" count="0" type="cond" truecount="0" falsecount="8"/>
          <line num="5" count="3" type="cond" truecount="2" falsecount="1"/>
          <line num="7" count="1" type="cond" truecount="2" falsecount="1"/>
          <line num="8" count="2" type="cond" truecount="3" falsecount="1"/>
          <line num="11" count="1" type="stmt"/>
          <line num="14" count="1" type="stmt"/>
          <line num="20" count="1" type="stmt"/>
          <line num="26" count="1" type="stmt"/>
          <line num="31" count="1" type="stmt"/>
        </file>
        <file name="object.entity.ts" path="C:\workspace\WS\WS_ES_MAPPING_TS\src\test\resources\object.entity.ts">
          <metrics statements="12" coveredstatements="11" conditionals="29" coveredconditionals="15" methods="4" coveredmethods="3"/>
          <line num="1" count="1" type="cond" truecount="2" falsecount="1"/>
          <line num="2" count="3" type="cond" truecount="3" falsecount="1"/>
          <line num="3" count="3" type="cond" truecount="3" falsecount="1"/>
          <line num="4" count="0" type="cond" truecount="0" falsecount="8"/>
          <line num="5" count="3" type="cond" truecount="2" falsecount="1"/>
          <line num="7" count="1" type="cond" truecount="2" falsecount="1"/>
          <line num="8" count="2" type="cond" truecount="3" falsecount="1"/>
          <line num="11" count="1" type="stmt"/>
          <line num="14" count="1" type="stmt"/>
          <line num="21" count="1" type="stmt"/>
          <line num="27" count="1" type="stmt"/>
          <line num="30" count="1" type="stmt"/>
        </file>
        <file name="wrong-nested.entity.ts" path="C:\workspace\WS\WS_ES_MAPPING_TS\src\test\resources\wrong-nested.entity.ts">
          <metrics statements="11" coveredstatements="7" conditionals="34" coveredconditionals="16" methods="4" coveredmethods="3"/>
          <line num="1" count="1" type="cond" truecount="2" falsecount="1"/>
          <line num="2" count="1" type="cond" truecount="2" falsecount="2"/>
          <line num="3" count="1" type="cond" truecount="3" falsecount="1"/>
          <line num="4" count="0" type="cond" truecount="0" falsecount="8"/>
          <line num="5" count="0" type="cond" truecount="0" falsecount="3"/>
          <line num="7" count="1" type="cond" truecount="2" falsecount="1"/>
          <line num="8" count="1" type="cond" truecount="3" falsecount="1"/>
          <line num="12" count="1" type="stmt"/>
          <line num="15" count="1" type="stmt"/>
          <line num="21" count="0" type="stmt"/>
          <line num="24" count="0" type="stmt"/>
        </file>
        <file name="wrong-relation.entity.ts" path="C:\workspace\WS\WS_ES_MAPPING_TS\src\test\resources\wrong-relation.entity.ts">
          <metrics statements="11" coveredstatements="7" conditionals="29" coveredconditionals="12" methods="4" coveredmethods="3"/>
          <line num="1" count="1" type="cond" truecount="2" falsecount="1"/>
          <line num="2" count="1" type="cond" truecount="2" falsecount="2"/>
          <line num="3" count="1" type="cond" truecount="3" falsecount="1"/>
          <line num="4" count="0" type="cond" truecount="0" falsecount="8"/>
          <line num="5" count="0" type="cond" truecount="0" falsecount="3"/>
          <line num="7" count="1" type="cond" truecount="2" falsecount="1"/>
          <line num="8" count="1" type="cond" truecount="3" falsecount="1"/>
          <line num="11" count="1" type="stmt"/>
          <line num="14" count="1" type="stmt"/>
          <line num="20" count="0" type="stmt"/>
          <line num="23" count="0" type="stmt"/>
        </file>
      </package>
    </metrics>
  </project>
</coverage>
