{"C:\\workspace\\WS\\WS_ES_MAPPING_TS\\src\\lib\\es-mapping-ts\\es-entity.decorator.ts": {"path":"C:\\workspace\\WS\\WS_ES_MAPPING_TS\\src\\lib\\es-mapping-ts\\es-entity.decorator.ts","statementMap":{"0":{"start":{"line":5,"column":34},"end":{"line":9,"column":3}},"1":{"start":{"line":8,"column":4},"end":{"line":8,"column":24}},"2":{"start":{"line":16,"column":4},"end":{"line":18,"column":6}},"3":{"start":{"line":17,"column":8},"end":{"line":17,"column":63}}},"fnMap":{"0":{"name":"(anonymous_0)","decl":{"start":{"line":5,"column":34},"end":{"line":5,"column":35}},"loc":{"start":{"line":5,"column":46},"end":{"line":9,"column":1}},"line":5},"1":{"name":"EsEntityArgs","decl":{"start":{"line":6,"column":13},"end":{"line":6,"column":25}},"loc":{"start":{"line":6,"column":28},"end":{"line":7,"column":5}},"line":6},"2":{"name":"EsEntity","decl":{"start":{"line":15,"column":16},"end":{"line":15,"column":24}},"loc":{"start":{"line":15,"column":31},"end":{"line":19,"column":1}},"line":15},"3":{"name":"(anonymous_3)","decl":{"start":{"line":16,"column":11},"end":{"line":16,"column":12}},"loc":{"start":{"line":16,"column":29},"end":{"line":18,"column":5}},"line":16}},"branchMap":{},"s":{"0":1,"1":1,"2":3,"3":3},"f":{"0":1,"1":0,"2":3,"3":3},"b":{},"inputSourceMap":{"version":3,"file":"es-entity.decorator.js","sourceRoot":"","sources":["es-entity.decorator.ts"],"names":[],"mappings":"AAAA,OAAO,EAAE,gBAAgB,EAAE,MAAM,sBAAsB,CAAC;AAExD;;GAEG;AACH;IAAA;IAOA,CAAC;IAAD,mBAAC;AAAD,CAAC,AAPD,IAOC;;AAED;;;GAGG;AACH,MAAM,mBAAmB,IAAmB;IAC1C,MAAM,CAAC,UAAU,MAAW;QAC1B,gBAAgB,CAAC,WAAW,EAAE,CAAC,SAAS,CAAC,IAAI,EAAE,MAAM,CAAC,CAAC;IACzD,CAAC,CAAC;AACJ,CAAC","sourcesContent":["import { EsMappingService } from './es-mapping.service';\n\n/**\n * Argument for an elasticsearch index\n */\nexport class EsEntityArgs {\n  /** Name of the index */\n  index: string;\n  /** Type of the index */\n  type?: string;\n  /** create mapping or not **/\n  readonly?: boolean;\n}\n\n/**\n * @EsEntity decorator : registrer the entity in the mapping through the EsMappingService\n * @param args decorator annotation\n */\nexport function EsEntity(args?: EsEntityArgs): ClassDecorator {\n  return function (target: any) {\n    EsMappingService.getInstance().addEntity(args, target);\n  };\n}\n"]},"_coverageSchema":"332fd63041d2c1bcb487cc26dd0d5f7d97098a6c","hash":"18f4674e352e033ae04e820d0f88c9c945b1199b"}
,"C:\\workspace\\WS\\WS_ES_MAPPING_TS\\src\\lib\\es-mapping-ts\\es-field.decorator.ts": {"path":"C:\\workspace\\WS\\WS_ES_MAPPING_TS\\src\\lib\\es-mapping-ts\\es-field.decorator.ts","statementMap":{"0":{"start":{"line":6,"column":33},"end":{"line":10,"column":3}},"1":{"start":{"line":9,"column":4},"end":{"line":9,"column":23}},"2":{"start":{"line":17,"column":4},"end":{"line":39,"column":6}},"3":{"start":{"line":18,"column":27},"end":{"line":18,"column":82}},"4":{"start":{"line":19,"column":8},"end":{"line":21,"column":9}},"5":{"start":{"line":20,"column":12},"end":{"line":20,"column":136}},"6":{"start":{"line":22,"column":8},"end":{"line":29,"column":9}},"7":{"start":{"line":23,"column":12},"end":{"line":25,"column":13}},"8":{"start":{"line":24,"column":16},"end":{"line":24,"column":141}},"9":{"start":{"line":26,"column":12},"end":{"line":28,"column":13}},"10":{"start":{"line":27,"column":16},"end":{"line":27,"column":142}},"11":{"start":{"line":30,"column":8},"end":{"line":34,"column":9}},"12":{"start":{"line":31,"column":12},"end":{"line":33,"column":13}},"13":{"start":{"line":32,"column":16},"end":{"line":32,"column":157}},"14":{"start":{"line":35,"column":8},"end":{"line":37,"column":9}},"15":{"start":{"line":36,"column":12},"end":{"line":36,"column":43}},"16":{"start":{"line":38,"column":8},"end":{"line":38,"column":89}}},"fnMap":{"0":{"name":"(anonymous_0)","decl":{"start":{"line":6,"column":33},"end":{"line":6,"column":34}},"loc":{"start":{"line":6,"column":45},"end":{"line":10,"column":1}},"line":6},"1":{"name":"EsFieldArgs","decl":{"start":{"line":7,"column":13},"end":{"line":7,"column":24}},"loc":{"start":{"line":7,"column":27},"end":{"line":8,"column":5}},"line":7},"2":{"name":"EsField","decl":{"start":{"line":16,"column":16},"end":{"line":16,"column":23}},"loc":{"start":{"line":16,"column":30},"end":{"line":40,"column":1}},"line":16},"3":{"name":"(anonymous_3)","decl":{"start":{"line":17,"column":11},"end":{"line":17,"column":12}},"loc":{"start":{"line":17,"column":42},"end":{"line":39,"column":5}},"line":17}},"branchMap":{"0":{"loc":{"start":{"line":19,"column":8},"end":{"line":21,"column":9}},"type":"if","locations":[{"start":{"line":19,"column":8},"end":{"line":21,"column":9}},{"start":{"line":19,"column":8},"end":{"line":21,"column":9}}],"line":19},"1":{"loc":{"start":{"line":19,"column":12},"end":{"line":19,"column":51}},"type":"binary-expr","locations":[{"start":{"line":19,"column":12},"end":{"line":19,"column":32}},{"start":{"line":19,"column":36},"end":{"line":19,"column":51}}],"line":19},"2":{"loc":{"start":{"line":22,"column":8},"end":{"line":29,"column":9}},"type":"if","locations":[{"start":{"line":22,"column":8},"end":{"line":29,"column":9}},{"start":{"line":22,"column":8},"end":{"line":29,"column":9}}],"line":22},"3":{"loc":{"start":{"line":23,"column":12},"end":{"line":25,"column":13}},"type":"if","locations":[{"start":{"line":23,"column":12},"end":{"line":25,"column":13}},{"start":{"line":23,"column":12},"end":{"line":25,"column":13}}],"line":23},"4":{"loc":{"start":{"line":23,"column":16},"end":{"line":23,"column":69}},"type":"binary-expr","locations":[{"start":{"line":23,"column":16},"end":{"line":23,"column":45}},{"start":{"line":23,"column":49},"end":{"line":23,"column":69}}],"line":23},"5":{"loc":{"start":{"line":26,"column":12},"end":{"line":28,"column":13}},"type":"if","locations":[{"start":{"line":26,"column":12},"end":{"line":28,"column":13}},{"start":{"line":26,"column":12},"end":{"line":28,"column":13}}],"line":26},"6":{"loc":{"start":{"line":30,"column":8},"end":{"line":34,"column":9}},"type":"if","locations":[{"start":{"line":30,"column":8},"end":{"line":34,"column":9}},{"start":{"line":30,"column":8},"end":{"line":34,"column":9}}],"line":30},"7":{"loc":{"start":{"line":30,"column":12},"end":{"line":30,"column":54}},"type":"binary-expr","locations":[{"start":{"line":30,"column":12},"end":{"line":30,"column":34}},{"start":{"line":30,"column":38},"end":{"line":30,"column":54}}],"line":30},"8":{"loc":{"start":{"line":31,"column":12},"end":{"line":33,"column":13}},"type":"if","locations":[{"start":{"line":31,"column":12},"end":{"line":33,"column":13}},{"start":{"line":31,"column":12},"end":{"line":33,"column":13}}],"line":31},"9":{"loc":{"start":{"line":35,"column":8},"end":{"line":37,"column":9}},"type":"if","locations":[{"start":{"line":35,"column":8},"end":{"line":37,"column":9}},{"start":{"line":35,"column":8},"end":{"line":37,"column":9}}],"line":35}},"s":{"0":1,"1":1,"2":12,"3":12,"4":12,"5":1,"6":11,"7":2,"8":1,"9":1,"10":0,"11":10,"12":0,"13":0,"14":10,"15":2,"16":10},"f":{"0":1,"1":0,"2":12,"3":12},"b":{"0":[1,11],"1":[12,2],"2":[2,9],"3":[1,1],"4":[2,2],"5":[0,1],"6":[0,10],"7":[10,1],"8":[0,0],"9":[2,8]},"inputSourceMap":{"version":3,"file":"es-field.decorator.js","sourceRoot":"","sources":["es-field.decorator.ts"],"names":[],"mappings":"AAAA,OAAO,EAAE,gBAAgB,EAAE,MAAM,sBAAsB,CAAC;AACxD,OAAO,kBAAkB,CAAC;AAE1B;;GAEG;AACH;IAAA;IAyBA,CAAC;IAAD,kBAAC;AAAD,CAAC,AAzBD,IAyBC;;AAED;;;GAGG;AACH,MAAM,kBAAkB,IAAiB;IACvC,MAAM,CAAC,UAAU,MAAW,EAAE,WAA4B;QAExD,IAAI,YAAY,GAAG,OAAO,CAAC,WAAW,CAAC,aAAa,EAAE,MAAM,EAAE,WAAW,CAAC,CAAC;QAC3E,EAAE,CAAC,CAAC,IAAI,CAAC,IAAI,KAAK,MAAM,IAAI,CAAC,IAAI,CAAC,SAAS,CAAC,CAAC,CAAC;YAC5C,MAAM,IAAI,KAAK,CAAC,+DAA6D,MAAM,CAAC,WAAW,CAAC,IAAI,SAAY,WAAa,CAAC,CAAC;QACjI,CAAC;QAED,EAAE,CAAC,CAAC,IAAI,CAAC,IAAI,KAAK,QAAQ,CAAC,CAAC,CAAC;YAC3B,EAAE,CAAC,CAAC,YAAY,CAAC,IAAI,KAAK,OAAO,IAAI,CAAC,YAAY,CAAC,MAAM,CAAC,CAAC,CAAC;gBAC1D,MAAM,IAAI,KAAK,CAAC,gEAA8D,MAAM,CAAC,WAAW,CAAC,IAAI,SAAY,WAAa,CAAC,CAAC;YAClI,CAAC;YACD,EAAE,CAAC,CAAC,CAAC,IAAI,CAAC,UAAU,CAAC,CAAC,CAAC;gBACrB,OAAO,CAAC,IAAI,CAAC,oEAAkE,MAAM,CAAC,WAAW,CAAC,IAAI,SAAY,WAAa,CAAC,CAAC;YACnI,CAAC;QACH,CAAC;QAED,EAAE,CAAC,CAAC,IAAI,CAAC,IAAI,KAAK,QAAQ,IAAI,CAAC,IAAI,CAAC,UAAU,CAAC,CAAC,CAAC;YAC/C,EAAE,CAAC,CAAC,YAAY,CAAC,IAAI,KAAK,OAAO,CAAC,CAAC,CAAC;gBAClC,OAAO,CAAC,IAAI,CAAC,mFACX,MAAM,CAAC,WAAW,CAAC,IAAI,SAAY,WAAa,CAAC,CAAC;YACtD,CAAC;QACH,CAAC;QAED,EAAE,CAAC,CAAC,IAAI,CAAC,UAAU,CAAC,CAAC,CAAC;YACpB,YAAY,GAAG,IAAI,CAAC,UAAU,CAAC;QACjC,CAAC;QAED,gBAAgB,CAAC,WAAW,EAAE,CAAC,QAAQ,CAAC,IAAI,EAAE,MAAM,EAAE,WAAW,EAAE,YAAY,CAAC,CAAC;IACnF,CAAC,CAAC;AACJ,CAAC","sourcesContent":["import { EsMappingService } from './es-mapping.service';\nimport 'reflect-metadata';\n\n/**\n * Argument for a simple elasticsearch field\n */\nexport class EsFieldArgs {\n  /** Type of the field : \"text\" | \"integer\" | */\n  type: string;\n  /** Name of the field : if it need to be different of the property name*/\n  name?: string;\n  /** Additional properties or not */\n  dynamic?: boolean;\n  /** Analyzer type */\n  analyzer?: string;\n  /** Additionnal ES fields **/\n  fields?: any;\n  /** Format */\n  format?: any;\n  /** Enabled */\n  enabled?: boolean;\n  /** Define the null value */\n  null_value?: any;\n  /** copy into a group field */\n  copy_to?: string;\n  /** Relations for join datatype */\n  relations?: any;\n  /** Define class for \"array/nested\" type */\n  fieldClass?: any;\n  /** Additional properties */\n  [x: string]: any;\n}\n\n/**\n * @EsField decorator : registrer the field in the mapping through the EsMappingService\n * @param args decorator annotation\n */\nexport function EsField(args: EsFieldArgs): PropertyDecorator {\n  return function (target: any, propertyKey: string | symbol) {\n\n    let propertyType = Reflect.getMetadata('design:type', target, propertyKey);\n    if (args.type === 'join' && !args.relations) {\n      throw new Error(`es-mapping-error no relations defined for join datatype : ${target.constructor.name}:${<string>propertyKey}`);\n    }\n\n    if (args.type === 'nested') {\n      if (propertyType.name !== 'Array' && !propertyType.values) {\n        throw new Error(`es-mapping-error type of a nested field must be an array : ${target.constructor.name}:${<string>propertyKey}`);\n      }\n      if (!args.fieldClass) {\n        console.warn(`es-mapping-warning no fieldClass defined for nested datatype : ${target.constructor.name}:${<string>propertyKey}`);\n      }\n    }\n\n    if (args.type === 'object' && !args.fieldClass) {\n      if (propertyType.name === 'Array') {\n        console.warn(`es-mapping-warning no fieldClass defined for object array datatype :\n        ${target.constructor.name}:${<string>propertyKey}`);\n      }\n    }\n\n    if (args.fieldClass) {\n      propertyType = args.fieldClass;\n    }\n\n    EsMappingService.getInstance().addField(args, target, propertyKey, propertyType);\n  };\n}\n"]},"_coverageSchema":"332fd63041d2c1bcb487cc26dd0d5f7d97098a6c","hash":"6b116f9e7d163987eeb02fd118eef6b7d2b71a4b"}
,"C:\\workspace\\WS\\WS_ES_MAPPING_TS\\src\\lib\\es-mapping-ts\\es-mapping.service.ts": {"path":"C:\\workspace\\WS\\WS_ES_MAPPING_TS\\src\\lib\\es-mapping-ts\\es-mapping.service.ts","statementMap":{"0":{"start":{"line":1,"column":16},"end":{"line":8,"column":1}},"1":{"start":{"line":2,"column":4},"end":{"line":7,"column":7}},"2":{"start":{"line":3,"column":36},"end":{"line":3,"column":97}},"3":{"start":{"line":3,"column":42},"end":{"line":3,"column":70}},"4":{"start":{"line":3,"column":85},"end":{"line":3,"column":95}},"5":{"start":{"line":4,"column":35},"end":{"line":4,"column":100}},"6":{"start":{"line":4,"column":41},"end":{"line":4,"column":73}},"7":{"start":{"line":4,"column":88},"end":{"line":4,"column":98}},"8":{"start":{"line":5,"column":32},"end":{"line":5,"column":149}},"9":{"start":{"line":5,"column":97},"end":{"line":5,"column":119}},"10":{"start":{"line":6,"column":8},"end":{"line":6,"column":78}},"11":{"start":{"line":9,"column":18},"end":{"line":35,"column":1}},"12":{"start":{"line":10,"column":12},"end":{"line":10,"column":104}},"13":{"start":{"line":10,"column":43},"end":{"line":10,"column":68}},"14":{"start":{"line":10,"column":57},"end":{"line":10,"column":68}},"15":{"start":{"line":10,"column":69},"end":{"line":10,"column":81}},"16":{"start":{"line":11,"column":4},"end":{"line":11,"column":157}},"17":{"start":{"line":11,"column":138},"end":{"line":11,"column":150}},"18":{"start":{"line":12,"column":23},"end":{"line":12,"column":68}},"19":{"start":{"line":12,"column":45},"end":{"line":12,"column":65}},"20":{"start":{"line":14,"column":8},"end":{"line":14,"column":70}},"21":{"start":{"line":14,"column":15},"end":{"line":14,"column":70}},"22":{"start":{"line":15,"column":8},"end":{"line":32,"column":66}},"23":{"start":{"line":15,"column":18},"end":{"line":32,"column":66}},"24":{"start":{"line":16,"column":12},"end":{"line":16,"column":127}},"25":{"start":{"line":16,"column":118},"end":{"line":16,"column":127}},"26":{"start":{"line":17,"column":12},"end":{"line":17,"column":44}},"27":{"start":{"line":17,"column":26},"end":{"line":17,"column":44}},"28":{"start":{"line":18,"column":12},"end":{"line":30,"column":13}},"29":{"start":{"line":19,"column":32},"end":{"line":19,"column":39}},"30":{"start":{"line":19,"column":40},"end":{"line":19,"column":46}},"31":{"start":{"line":20,"column":24},"end":{"line":20,"column":34}},"32":{"start":{"line":20,"column":35},"end":{"line":20,"column":72}},"33":{"start":{"line":21,"column":24},"end":{"line":21,"column":34}},"34":{"start":{"line":21,"column":35},"end":{"line":21,"column":45}},"35":{"start":{"line":21,"column":46},"end":{"line":21,"column":55}},"36":{"start":{"line":21,"column":56},"end":{"line":21,"column":65}},"37":{"start":{"line":22,"column":24},"end":{"line":22,"column":41}},"38":{"start":{"line":22,"column":42},"end":{"line":22,"column":55}},"39":{"start":{"line":22,"column":56},"end":{"line":22,"column":65}},"40":{"start":{"line":24,"column":20},"end":{"line":24,"column":128}},"41":{"start":{"line":24,"column":110},"end":{"line":24,"column":116}},"42":{"start":{"line":24,"column":117},"end":{"line":24,"column":126}},"43":{"start":{"line":25,"column":20},"end":{"line":25,"column":106}},"44":{"start":{"line":25,"column":81},"end":{"line":25,"column":97}},"45":{"start":{"line":25,"column":98},"end":{"line":25,"column":104}},"46":{"start":{"line":26,"column":20},"end":{"line":26,"column":89}},"47":{"start":{"line":26,"column":57},"end":{"line":26,"column":72}},"48":{"start":{"line":26,"column":73},"end":{"line":26,"column":80}},"49":{"start":{"line":26,"column":81},"end":{"line":26,"column":87}},"50":{"start":{"line":27,"column":20},"end":{"line":27,"column":87}},"51":{"start":{"line":27,"column":47},"end":{"line":27,"column":62}},"52":{"start":{"line":27,"column":63},"end":{"line":27,"column":78}},"53":{"start":{"line":27,"column":79},"end":{"line":27,"column":85}},"54":{"start":{"line":28,"column":20},"end":{"line":28,"column":42}},"55":{"start":{"line":28,"column":30},"end":{"line":28,"column":42}},"56":{"start":{"line":29,"column":20},"end":{"line":29,"column":33}},"57":{"start":{"line":29,"column":34},"end":{"line":29,"column":43}},"58":{"start":{"line":31,"column":12},"end":{"line":31,"column":39}},"59":{"start":{"line":32,"column":22},"end":{"line":32,"column":34}},"60":{"start":{"line":32,"column":35},"end":{"line":32,"column":41}},"61":{"start":{"line":32,"column":54},"end":{"line":32,"column":64}},"62":{"start":{"line":33,"column":8},"end":{"line":33,"column":35}},"63":{"start":{"line":33,"column":23},"end":{"line":33,"column":35}},"64":{"start":{"line":33,"column":36},"end":{"line":33,"column":89}},"65":{"start":{"line":42,"column":38},"end":{"line":234,"column":3}},"66":{"start":{"line":44,"column":8},"end":{"line":44,"column":36}},"67":{"start":{"line":49,"column":4},"end":{"line":55,"column":6}},"68":{"start":{"line":50,"column":8},"end":{"line":53,"column":9}},"69":{"start":{"line":51,"column":35},"end":{"line":51,"column":57}},"70":{"start":{"line":52,"column":12},"end":{"line":52,"column":57}},"71":{"start":{"line":54,"column":8},"end":{"line":54,"column":41}},"72":{"start":{"line":61,"column":4},"end":{"line":74,"column":6}},"73":{"start":{"line":62,"column":24},"end":{"line":62,"column":35}},"74":{"start":{"line":63,"column":22},"end":{"line":63,"column":52}},"75":{"start":{"line":64,"column":8},"end":{"line":67,"column":9}},"76":{"start":{"line":65,"column":12},"end":{"line":65,"column":46}},"77":{"start":{"line":66,"column":12},"end":{"line":66,"column":52}},"78":{"start":{"line":68,"column":8},"end":{"line":72,"column":9}},"79":{"start":{"line":69,"column":12},"end":{"line":69,"column":49}},"80":{"start":{"line":70,"column":12},"end":{"line":70,"column":47}},"81":{"start":{"line":71,"column":12},"end":{"line":71,"column":56}},"82":{"start":{"line":73,"column":8},"end":{"line":73,"column":33}},"83":{"start":{"line":81,"column":4},"end":{"line":113,"column":6}},"84":{"start":{"line":82,"column":24},"end":{"line":82,"column":47}},"85":{"start":{"line":83,"column":22},"end":{"line":83,"column":52}},"86":{"start":{"line":84,"column":8},"end":{"line":88,"column":9}},"87":{"start":{"line":85,"column":12},"end":{"line":85,"column":46}},"88":{"start":{"line":86,"column":12},"end":{"line":86,"column":52}},"89":{"start":{"line":87,"column":12},"end":{"line":87,"column":37}},"90":{"start":{"line":89,"column":25},"end":{"line":89,"column":27}},"91":{"start":{"line":90,"column":8},"end":{"line":112,"column":9}},"92":{"start":{"line":91,"column":12},"end":{"line":100,"column":13}},"93":{"start":{"line":92,"column":16},"end":{"line":92,"column":44}},"94":{"start":{"line":93,"column":31},"end":{"line":93,"column":69}},"95":{"start":{"line":94,"column":16},"end":{"line":96,"column":17}},"96":{"start":{"line":95,"column":20},"end":{"line":95,"column":79}},"97":{"start":{"line":99,"column":16},"end":{"line":99,"column":34}},"98":{"start":{"line":101,"column":35},"end":{"line":103,"column":13}},"99":{"start":{"line":104,"column":31},"end":{"line":104,"column":55}},"100":{"start":{"line":105,"column":12},"end":{"line":105,"column":64}},"101":{"start":{"line":108,"column":35},"end":{"line":110,"column":13}},"102":{"start":{"line":111,"column":12},"end":{"line":111,"column":63}},"103":{"start":{"line":117,"column":4},"end":{"line":119,"column":6}},"104":{"start":{"line":118,"column":8},"end":{"line":118,"column":52}},"105":{"start":{"line":123,"column":4},"end":{"line":127,"column":6}},"106":{"start":{"line":124,"column":8},"end":{"line":126,"column":11}},"107":{"start":{"line":125,"column":12},"end":{"line":125,"column":37}},"108":{"start":{"line":131,"column":4},"end":{"line":133,"column":6}},"109":{"start":{"line":132,"column":8},"end":{"line":132,"column":31}},"110":{"start":{"line":138,"column":4},"end":{"line":144,"column":6}},"111":{"start":{"line":139,"column":30},"end":{"line":139,"column":60}},"112":{"start":{"line":140,"column":8},"end":{"line":142,"column":9}},"113":{"start":{"line":141,"column":12},"end":{"line":141,"column":45}},"114":{"start":{"line":143,"column":8},"end":{"line":143,"column":20}},"115":{"start":{"line":149,"column":4},"end":{"line":157,"column":6}},"116":{"start":{"line":150,"column":30},"end":{"line":152,"column":10}},"117":{"start":{"line":151,"column":12},"end":{"line":151,"column":67}},"118":{"start":{"line":153,"column":8},"end":{"line":155,"column":9}},"119":{"start":{"line":154,"column":12},"end":{"line":154,"column":45}},"120":{"start":{"line":156,"column":8},"end":{"line":156,"column":20}},"121":{"start":{"line":162,"column":4},"end":{"line":170,"column":6}},"122":{"start":{"line":163,"column":30},"end":{"line":165,"column":10}},"123":{"start":{"line":164,"column":12},"end":{"line":164,"column":61}},"124":{"start":{"line":166,"column":8},"end":{"line":168,"column":9}},"125":{"start":{"line":167,"column":12},"end":{"line":167,"column":45}},"126":{"start":{"line":169,"column":8},"end":{"line":169,"column":20}},"127":{"start":{"line":174,"column":4},"end":{"line":178,"column":6}},"128":{"start":{"line":175,"column":8},"end":{"line":177,"column":11}},"129":{"start":{"line":176,"column":12},"end":{"line":176,"column":43}},"130":{"start":{"line":182,"column":4},"end":{"line":232,"column":6}},"131":{"start":{"line":183,"column":8},"end":{"line":231,"column":11}},"132":{"start":{"line":184,"column":24},"end":{"line":184,"column":28}},"133":{"start":{"line":186,"column":12},"end":{"line":230,"column":15}},"134":{"start":{"line":187,"column":16},"end":{"line":229,"column":17}},"135":{"start":{"line":189,"column":24},"end":{"line":189,"column":80}},"136":{"start":{"line":190,"column":24},"end":{"line":225,"column":36}},"137":{"start":{"line":190,"column":98},"end":{"line":225,"column":31}},"138":{"start":{"line":192,"column":32},"end":{"line":224,"column":35}},"139":{"start":{"line":193,"column":36},"end":{"line":223,"column":37}},"140":{"start":{"line":195,"column":44},"end":{"line":195,"column":100}},"141":{"start":{"line":195,"column":76},"end":{"line":195,"column":100}},"142":{"start":{"line":196,"column":44},"end":{"line":196,"column":82}},"143":{"start":{"line":197,"column":44},"end":{"line":197,"column":90}},"144":{"start":{"line":197,"column":66},"end":{"line":197,"column":90}},"145":{"start":{"line":199,"column":44},"end":{"line":199,"column":76}},"146":{"start":{"line":200,"column":44},"end":{"line":200,"column":118}},"147":{"start":{"line":202,"column":44},"end":{"line":202,"column":67}},"148":{"start":{"line":203,"column":44},"end":{"line":203,"column":86}},"149":{"start":{"line":203,"column":62},"end":{"line":203,"column":86}},"150":{"start":{"line":205,"column":44},"end":{"line":205,"column":118}},"151":{"start":{"line":208,"column":44},"end":{"line":208,"column":54}},"152":{"start":{"line":210,"column":44},"end":{"line":210,"column":105}},"153":{"start":{"line":213,"column":44},"end":{"line":213,"column":54}},"154":{"start":{"line":214,"column":44},"end":{"line":214,"column":68}},"155":{"start":{"line":217,"column":40},"end":{"line":217,"column":101}},"156":{"start":{"line":220,"column":44},"end":{"line":220,"column":54}},"157":{"start":{"line":221,"column":44},"end":{"line":221,"column":57}},"158":{"start":{"line":222,"column":48},"end":{"line":222,"column":70}},"159":{"start":{"line":227,"column":24},"end":{"line":227,"column":34}},"160":{"start":{"line":228,"column":24},"end":{"line":228,"column":46}},"161":{"start":{"line":233,"column":4},"end":{"line":233,"column":28}}},"fnMap":{"0":{"name":"(anonymous_0)","decl":{"start":{"line":1,"column":44},"end":{"line":1,"column":45}},"loc":{"start":{"line":1,"column":89},"end":{"line":8,"column":1}},"line":1},"1":{"name":"(anonymous_1)","decl":{"start":{"line":2,"column":36},"end":{"line":2,"column":37}},"loc":{"start":{"line":2,"column":63},"end":{"line":7,"column":5}},"line":2},"2":{"name":"fulfilled","decl":{"start":{"line":3,"column":17},"end":{"line":3,"column":26}},"loc":{"start":{"line":3,"column":34},"end":{"line":3,"column":99}},"line":3},"3":{"name":"rejected","decl":{"start":{"line":4,"column":17},"end":{"line":4,"column":25}},"loc":{"start":{"line":4,"column":33},"end":{"line":4,"column":102}},"line":4},"4":{"name":"step","decl":{"start":{"line":5,"column":17},"end":{"line":5,"column":21}},"loc":{"start":{"line":5,"column":30},"end":{"line":5,"column":151}},"line":5},"5":{"name":"(anonymous_5)","decl":{"start":{"line":5,"column":76},"end":{"line":5,"column":77}},"loc":{"start":{"line":5,"column":95},"end":{"line":5,"column":121}},"line":5},"6":{"name":"(anonymous_6)","decl":{"start":{"line":9,"column":48},"end":{"line":9,"column":49}},"loc":{"start":{"line":9,"column":73},"end":{"line":35,"column":1}},"line":9},"7":{"name":"(anonymous_7)","decl":{"start":{"line":10,"column":30},"end":{"line":10,"column":31}},"loc":{"start":{"line":10,"column":41},"end":{"line":10,"column":83}},"line":10},"8":{"name":"(anonymous_8)","decl":{"start":{"line":11,"column":125},"end":{"line":11,"column":126}},"loc":{"start":{"line":11,"column":136},"end":{"line":11,"column":152}},"line":11},"9":{"name":"verb","decl":{"start":{"line":12,"column":13},"end":{"line":12,"column":17}},"loc":{"start":{"line":12,"column":21},"end":{"line":12,"column":70}},"line":12},"10":{"name":"(anonymous_10)","decl":{"start":{"line":12,"column":30},"end":{"line":12,"column":31}},"loc":{"start":{"line":12,"column":43},"end":{"line":12,"column":67}},"line":12},"11":{"name":"step","decl":{"start":{"line":13,"column":13},"end":{"line":13,"column":17}},"loc":{"start":{"line":13,"column":22},"end":{"line":34,"column":5}},"line":13},"12":{"name":"(anonymous_12)","decl":{"start":{"line":42,"column":38},"end":{"line":42,"column":39}},"loc":{"start":{"line":42,"column":50},"end":{"line":234,"column":1}},"line":42},"13":{"name":"EsMappingService","decl":{"start":{"line":43,"column":13},"end":{"line":43,"column":29}},"loc":{"start":{"line":43,"column":32},"end":{"line":45,"column":5}},"line":43},"14":{"name":"(anonymous_14)","decl":{"start":{"line":49,"column":35},"end":{"line":49,"column":36}},"loc":{"start":{"line":49,"column":47},"end":{"line":55,"column":5}},"line":49},"15":{"name":"(anonymous_15)","decl":{"start":{"line":61,"column":43},"end":{"line":61,"column":44}},"loc":{"start":{"line":61,"column":67},"end":{"line":74,"column":5}},"line":61},"16":{"name":"(anonymous_16)","decl":{"start":{"line":81,"column":42},"end":{"line":81,"column":43}},"loc":{"start":{"line":81,"column":93},"end":{"line":113,"column":5}},"line":81},"17":{"name":"(anonymous_17)","decl":{"start":{"line":117,"column":45},"end":{"line":117,"column":46}},"loc":{"start":{"line":117,"column":57},"end":{"line":119,"column":5}},"line":117},"18":{"name":"(anonymous_18)","decl":{"start":{"line":123,"column":47},"end":{"line":123,"column":48}},"loc":{"start":{"line":123,"column":59},"end":{"line":127,"column":5}},"line":123},"19":{"name":"(anonymous_19)","decl":{"start":{"line":124,"column":64},"end":{"line":124,"column":65}},"loc":{"start":{"line":124,"column":83},"end":{"line":126,"column":9}},"line":124},"20":{"name":"(anonymous_20)","decl":{"start":{"line":131,"column":48},"end":{"line":131,"column":49}},"loc":{"start":{"line":131,"column":60},"end":{"line":133,"column":5}},"line":131},"21":{"name":"(anonymous_21)","decl":{"start":{"line":138,"column":52},"end":{"line":138,"column":53}},"loc":{"start":{"line":138,"column":73},"end":{"line":144,"column":5}},"line":138},"22":{"name":"(anonymous_22)","decl":{"start":{"line":149,"column":52},"end":{"line":149,"column":53}},"loc":{"start":{"line":149,"column":73},"end":{"line":157,"column":5}},"line":149},"23":{"name":"(anonymous_23)","decl":{"start":{"line":150,"column":80},"end":{"line":150,"column":81}},"loc":{"start":{"line":150,"column":109},"end":{"line":152,"column":9}},"line":150},"24":{"name":"(anonymous_24)","decl":{"start":{"line":162,"column":51},"end":{"line":162,"column":52}},"loc":{"start":{"line":162,"column":67},"end":{"line":170,"column":5}},"line":162},"25":{"name":"(anonymous_25)","decl":{"start":{"line":163,"column":80},"end":{"line":163,"column":81}},"loc":{"start":{"line":163,"column":109},"end":{"line":165,"column":9}},"line":163},"26":{"name":"(anonymous_26)","decl":{"start":{"line":174,"column":45},"end":{"line":174,"column":46}},"loc":{"start":{"line":174,"column":57},"end":{"line":178,"column":5}},"line":174},"27":{"name":"(anonymous_27)","decl":{"start":{"line":175,"column":64},"end":{"line":175,"column":65}},"loc":{"start":{"line":175,"column":83},"end":{"line":177,"column":9}},"line":175},"28":{"name":"(anonymous_28)","decl":{"start":{"line":182,"column":48},"end":{"line":182,"column":49}},"loc":{"start":{"line":182,"column":68},"end":{"line":232,"column":5}},"line":182},"29":{"name":"(anonymous_29)","decl":{"start":{"line":183,"column":47},"end":{"line":183,"column":48}},"loc":{"start":{"line":183,"column":59},"end":{"line":231,"column":9}},"line":183},"30":{"name":"(anonymous_30)","decl":{"start":{"line":186,"column":37},"end":{"line":186,"column":38}},"loc":{"start":{"line":186,"column":51},"end":{"line":230,"column":13}},"line":186},"31":{"name":"(anonymous_31)","decl":{"start":{"line":190,"column":69},"end":{"line":190,"column":70}},"loc":{"start":{"line":190,"column":96},"end":{"line":225,"column":33}},"line":190},"32":{"name":"(anonymous_32)","decl":{"start":{"line":190,"column":138},"end":{"line":190,"column":139}},"loc":{"start":{"line":190,"column":150},"end":{"line":225,"column":29}},"line":190},"33":{"name":"(anonymous_33)","decl":{"start":{"line":192,"column":57},"end":{"line":192,"column":58}},"loc":{"start":{"line":192,"column":71},"end":{"line":224,"column":33}},"line":192}},"branchMap":{"0":{"loc":{"start":{"line":1,"column":16},"end":{"line":8,"column":1}},"type":"binary-expr","locations":[{"start":{"line":1,"column":17},"end":{"line":1,"column":21}},{"start":{"line":1,"column":25},"end":{"line":1,"column":39}},{"start":{"line":1,"column":44},"end":{"line":8,"column":1}}],"line":1},"1":{"loc":{"start":{"line":2,"column":16},"end":{"line":2,"column":34}},"type":"binary-expr","locations":[{"start":{"line":2,"column":16},"end":{"line":2,"column":17}},{"start":{"line":2,"column":22},"end":{"line":2,"column":33}}],"line":2},"2":{"loc":{"start":{"line":5,"column":32},"end":{"line":5,"column":148}},"type":"cond-expr","locations":[{"start":{"line":5,"column":46},"end":{"line":5,"column":67}},{"start":{"line":5,"column":70},"end":{"line":5,"column":148}}],"line":5},"3":{"loc":{"start":{"line":6,"column":51},"end":{"line":6,"column":67}},"type":"binary-expr","locations":[{"start":{"line":6,"column":51},"end":{"line":6,"column":61}},{"start":{"line":6,"column":65},"end":{"line":6,"column":67}}],"line":6},"4":{"loc":{"start":{"line":9,"column":18},"end":{"line":35,"column":1}},"type":"binary-expr","locations":[{"start":{"line":9,"column":19},"end":{"line":9,"column":23}},{"start":{"line":9,"column":27},"end":{"line":9,"column":43}},{"start":{"line":9,"column":48},"end":{"line":35,"column":1}}],"line":9},"5":{"loc":{"start":{"line":10,"column":43},"end":{"line":10,"column":68}},"type":"if","locations":[{"start":{"line":10,"column":43},"end":{"line":10,"column":68}},{"start":{"line":10,"column":43},"end":{"line":10,"column":68}}],"line":10},"6":{"loc":{"start":{"line":11,"column":71},"end":{"line":11,"column":153}},"type":"binary-expr","locations":[{"start":{"line":11,"column":71},"end":{"line":11,"column":99}},{"start":{"line":11,"column":104},"end":{"line":11,"column":152}}],"line":11},"7":{"loc":{"start":{"line":14,"column":8},"end":{"line":14,"column":70}},"type":"if","locations":[{"start":{"line":14,"column":8},"end":{"line":14,"column":70}},{"start":{"line":14,"column":8},"end":{"line":14,"column":70}}],"line":14},"8":{"loc":{"start":{"line":16,"column":12},"end":{"line":16,"column":127}},"type":"if","locations":[{"start":{"line":16,"column":12},"end":{"line":16,"column":127}},{"start":{"line":16,"column":12},"end":{"line":16,"column":127}}],"line":16},"9":{"loc":{"start":{"line":16,"column":23},"end":{"line":16,"column":116}},"type":"binary-expr","locations":[{"start":{"line":16,"column":23},"end":{"line":16,"column":24}},{"start":{"line":16,"column":29},"end":{"line":16,"column":83}},{"start":{"line":16,"column":88},"end":{"line":16,"column":116}}],"line":16},"10":{"loc":{"start":{"line":16,"column":35},"end":{"line":16,"column":82}},"type":"cond-expr","locations":[{"start":{"line":16,"column":47},"end":{"line":16,"column":55}},{"start":{"line":16,"column":58},"end":{"line":16,"column":82}}],"line":16},"11":{"loc":{"start":{"line":16,"column":58},"end":{"line":16,"column":82}},"type":"cond-expr","locations":[{"start":{"line":16,"column":66},"end":{"line":16,"column":73}},{"start":{"line":16,"column":76},"end":{"line":16,"column":82}}],"line":16},"12":{"loc":{"start":{"line":17,"column":12},"end":{"line":17,"column":44}},"type":"if","locations":[{"start":{"line":17,"column":12},"end":{"line":17,"column":44}},{"start":{"line":17,"column":12},"end":{"line":17,"column":44}}],"line":17},"13":{"loc":{"start":{"line":18,"column":12},"end":{"line":30,"column":13}},"type":"switch","locations":[{"start":{"line":19,"column":16},"end":{"line":19,"column":23}},{"start":{"line":19,"column":24},"end":{"line":19,"column":46}},{"start":{"line":20,"column":16},"end":{"line":20,"column":72}},{"start":{"line":21,"column":16},"end":{"line":21,"column":65}},{"start":{"line":22,"column":16},"end":{"line":22,"column":65}},{"start":{"line":23,"column":16},"end":{"line":29,"column":43}}],"line":18},"14":{"loc":{"start":{"line":24,"column":20},"end":{"line":24,"column":128}},"type":"if","locations":[{"start":{"line":24,"column":20},"end":{"line":24,"column":128}},{"start":{"line":24,"column":20},"end":{"line":24,"column":128}}],"line":24},"15":{"loc":{"start":{"line":24,"column":24},"end":{"line":24,"column":106}},"type":"binary-expr","locations":[{"start":{"line":24,"column":24},"end":{"line":24,"column":74}},{"start":{"line":24,"column":79},"end":{"line":24,"column":90}},{"start":{"line":24,"column":94},"end":{"line":24,"column":105}}],"line":24},"16":{"loc":{"start":{"line":24,"column":42},"end":{"line":24,"column":73}},"type":"binary-expr","locations":[{"start":{"line":24,"column":42},"end":{"line":24,"column":54}},{"start":{"line":24,"column":58},"end":{"line":24,"column":73}}],"line":24},"17":{"loc":{"start":{"line":25,"column":20},"end":{"line":25,"column":106}},"type":"if","locations":[{"start":{"line":25,"column":20},"end":{"line":25,"column":106}},{"start":{"line":25,"column":20},"end":{"line":25,"column":106}}],"line":25},"18":{"loc":{"start":{"line":25,"column":24},"end":{"line":25,"column":77}},"type":"binary-expr","locations":[{"start":{"line":25,"column":24},"end":{"line":25,"column":35}},{"start":{"line":25,"column":40},"end":{"line":25,"column":42}},{"start":{"line":25,"column":47},"end":{"line":25,"column":59}},{"start":{"line":25,"column":63},"end":{"line":25,"column":75}}],"line":25},"19":{"loc":{"start":{"line":26,"column":20},"end":{"line":26,"column":89}},"type":"if","locations":[{"start":{"line":26,"column":20},"end":{"line":26,"column":89}},{"start":{"line":26,"column":20},"end":{"line":26,"column":89}}],"line":26},"20":{"loc":{"start":{"line":26,"column":24},"end":{"line":26,"column":53}},"type":"binary-expr","locations":[{"start":{"line":26,"column":24},"end":{"line":26,"column":35}},{"start":{"line":26,"column":39},"end":{"line":26,"column":53}}],"line":26},"21":{"loc":{"start":{"line":27,"column":20},"end":{"line":27,"column":87}},"type":"if","locations":[{"start":{"line":27,"column":20},"end":{"line":27,"column":87}},{"start":{"line":27,"column":20},"end":{"line":27,"column":87}}],"line":27},"22":{"loc":{"start":{"line":27,"column":24},"end":{"line":27,"column":43}},"type":"binary-expr","locations":[{"start":{"line":27,"column":24},"end":{"line":27,"column":25}},{"start":{"line":27,"column":29},"end":{"line":27,"column":43}}],"line":27},"23":{"loc":{"start":{"line":28,"column":20},"end":{"line":28,"column":42}},"type":"if","locations":[{"start":{"line":28,"column":20},"end":{"line":28,"column":42}},{"start":{"line":28,"column":20},"end":{"line":28,"column":42}}],"line":28},"24":{"loc":{"start":{"line":33,"column":8},"end":{"line":33,"column":35}},"type":"if","locations":[{"start":{"line":33,"column":8},"end":{"line":33,"column":35}},{"start":{"line":33,"column":8},"end":{"line":33,"column":35}}],"line":33},"25":{"loc":{"start":{"line":33,"column":52},"end":{"line":33,"column":74}},"type":"cond-expr","locations":[{"start":{"line":33,"column":60},"end":{"line":33,"column":65}},{"start":{"line":33,"column":68},"end":{"line":33,"column":74}}],"line":33},"26":{"loc":{"start":{"line":50,"column":8},"end":{"line":53,"column":9}},"type":"if","locations":[{"start":{"line":50,"column":8},"end":{"line":53,"column":9}},{"start":{"line":50,"column":8},"end":{"line":53,"column":9}}],"line":50},"27":{"loc":{"start":{"line":64,"column":8},"end":{"line":67,"column":9}},"type":"if","locations":[{"start":{"line":64,"column":8},"end":{"line":67,"column":9}},{"start":{"line":64,"column":8},"end":{"line":67,"column":9}}],"line":64},"28":{"loc":{"start":{"line":68,"column":8},"end":{"line":72,"column":9}},"type":"if","locations":[{"start":{"line":68,"column":8},"end":{"line":72,"column":9}},{"start":{"line":68,"column":8},"end":{"line":72,"column":9}}],"line":68},"29":{"loc":{"start":{"line":84,"column":8},"end":{"line":88,"column":9}},"type":"if","locations":[{"start":{"line":84,"column":8},"end":{"line":88,"column":9}},{"start":{"line":84,"column":8},"end":{"line":88,"column":9}}],"line":84},"30":{"loc":{"start":{"line":90,"column":8},"end":{"line":112,"column":9}},"type":"if","locations":[{"start":{"line":90,"column":8},"end":{"line":112,"column":9}},{"start":{"line":90,"column":8},"end":{"line":112,"column":9}}],"line":90},"31":{"loc":{"start":{"line":91,"column":12},"end":{"line":100,"column":13}},"type":"if","locations":[{"start":{"line":91,"column":12},"end":{"line":100,"column":13}},{"start":{"line":91,"column":12},"end":{"line":100,"column":13}}],"line":91},"32":{"loc":{"start":{"line":91,"column":16},"end":{"line":91,"column":64}},"type":"binary-expr","locations":[{"start":{"line":91,"column":16},"end":{"line":91,"column":38}},{"start":{"line":91,"column":42},"end":{"line":91,"column":64}}],"line":91},"33":{"loc":{"start":{"line":94,"column":16},"end":{"line":96,"column":17}},"type":"if","locations":[{"start":{"line":94,"column":16},"end":{"line":96,"column":17}},{"start":{"line":94,"column":16},"end":{"line":96,"column":17}}],"line":94},"34":{"loc":{"start":{"line":104,"column":31},"end":{"line":104,"column":55}},"type":"binary-expr","locations":[{"start":{"line":104,"column":31},"end":{"line":104,"column":40}},{"start":{"line":104,"column":44},"end":{"line":104,"column":55}}],"line":104},"35":{"loc":{"start":{"line":140,"column":8},"end":{"line":142,"column":9}},"type":"if","locations":[{"start":{"line":140,"column":8},"end":{"line":142,"column":9}},{"start":{"line":140,"column":8},"end":{"line":142,"column":9}}],"line":140},"36":{"loc":{"start":{"line":153,"column":8},"end":{"line":155,"column":9}},"type":"if","locations":[{"start":{"line":153,"column":8},"end":{"line":155,"column":9}},{"start":{"line":153,"column":8},"end":{"line":155,"column":9}}],"line":153},"37":{"loc":{"start":{"line":166,"column":8},"end":{"line":168,"column":9}},"type":"if","locations":[{"start":{"line":166,"column":8},"end":{"line":168,"column":9}},{"start":{"line":166,"column":8},"end":{"line":168,"column":9}}],"line":166},"38":{"loc":{"start":{"line":187,"column":16},"end":{"line":229,"column":17}},"type":"switch","locations":[{"start":{"line":188,"column":20},"end":{"line":225,"column":36}},{"start":{"line":226,"column":20},"end":{"line":228,"column":46}}],"line":187},"39":{"loc":{"start":{"line":193,"column":36},"end":{"line":223,"column":37}},"type":"switch","locations":[{"start":{"line":194,"column":40},"end":{"line":200,"column":118}},{"start":{"line":201,"column":40},"end":{"line":205,"column":118}},{"start":{"line":206,"column":40},"end":{"line":210,"column":105}},{"start":{"line":211,"column":40},"end":{"line":214,"column":68}},{"start":{"line":215,"column":40},"end":{"line":217,"column":101}},{"start":{"line":218,"column":40},"end":{"line":221,"column":57}},{"start":{"line":222,"column":40},"end":{"line":222,"column":70}}],"line":193},"40":{"loc":{"start":{"line":195,"column":44},"end":{"line":195,"column":100}},"type":"if","locations":[{"start":{"line":195,"column":44},"end":{"line":195,"column":100}},{"start":{"line":195,"column":44},"end":{"line":195,"column":100}}],"line":195},"41":{"loc":{"start":{"line":197,"column":44},"end":{"line":197,"column":90}},"type":"if","locations":[{"start":{"line":197,"column":44},"end":{"line":197,"column":90}},{"start":{"line":197,"column":44},"end":{"line":197,"column":90}}],"line":197},"42":{"loc":{"start":{"line":203,"column":44},"end":{"line":203,"column":86}},"type":"if","locations":[{"start":{"line":203,"column":44},"end":{"line":203,"column":86}},{"start":{"line":203,"column":44},"end":{"line":203,"column":86}}],"line":203}},"s":{"0":1,"1":0,"2":0,"3":0,"4":0,"5":0,"6":0,"7":0,"8":0,"9":0,"10":0,"11":1,"12":0,"13":0,"14":0,"15":0,"16":0,"17":0,"18":0,"19":0,"20":0,"21":0,"22":0,"23":0,"24":0,"25":0,"26":0,"27":0,"28":0,"29":0,"30":0,"31":0,"32":0,"33":0,"34":0,"35":0,"36":0,"37":0,"38":0,"39":0,"40":0,"41":0,"42":0,"43":0,"44":0,"45":0,"46":0,"47":0,"48":0,"49":0,"50":0,"51":0,"52":0,"53":0,"54":0,"55":0,"56":0,"57":0,"58":0,"59":0,"60":0,"61":0,"62":0,"63":0,"64":0,"65":1,"66":1,"67":1,"68":19,"69":1,"70":1,"71":19,"72":1,"73":3,"74":3,"75":3,"76":0,"77":0,"78":3,"79":2,"80":2,"81":2,"82":3,"83":1,"84":10,"85":10,"86":10,"87":3,"88":3,"89":3,"90":10,"91":10,"92":10,"93":2,"94":2,"95":2,"96":2,"97":8,"98":10,"99":10,"100":10,"101":0,"102":0,"103":1,"104":0,"105":1,"106":0,"107":0,"108":1,"109":0,"110":1,"111":1,"112":1,"113":1,"114":0,"115":1,"116":4,"117":11,"118":4,"119":3,"120":1,"121":1,"122":1,"123":3,"124":1,"125":1,"126":0,"127":1,"128":0,"129":0,"130":1,"131":0,"132":0,"133":0,"134":0,"135":0,"136":0,"137":0,"138":0,"139":0,"140":0,"141":0,"142":0,"143":0,"144":0,"145":0,"146":0,"147":0,"148":0,"149":0,"150":0,"151":0,"152":0,"153":0,"154":0,"155":0,"156":0,"157":0,"158":0,"159":0,"160":0,"161":1},"f":{"0":0,"1":0,"2":0,"3":0,"4":0,"5":0,"6":0,"7":0,"8":0,"9":0,"10":0,"11":0,"12":1,"13":1,"14":19,"15":3,"16":10,"17":0,"18":0,"19":0,"20":0,"21":1,"22":4,"23":11,"24":1,"25":3,"26":0,"27":0,"28":0,"29":0,"30":0,"31":0,"32":0,"33":0},"b":{"0":[1,0,1],"1":[0,0],"2":[0,0],"3":[0,0],"4":[1,0,1],"5":[0,0],"6":[0,0],"7":[0,0],"8":[0,0],"9":[0,0,0],"10":[0,0],"11":[0,0],"12":[0,0],"13":[0,0,0,0,0,0],"14":[0,0],"15":[0,0,0],"16":[0,0],"17":[0,0],"18":[0,0,0,0],"19":[0,0],"20":[0,0],"21":[0,0],"22":[0,0],"23":[0,0],"24":[0,0],"25":[0,0],"26":[1,18],"27":[0,3],"28":[2,1],"29":[3,7],"30":[10,0],"31":[2,8],"32":[10,9],"33":[2,0],"34":[10,10],"35":[1,0],"36":[3,1],"37":[1,0],"38":[0,0],"39":[0,0,0,0,0,0,0],"40":[0,0],"41":[0,0],"42":[0,0]},"inputSourceMap":{"version":3,"file":"es-mapping.service.js","sourceRoot":"","sources":["es-mapping.service.ts"],"names":[],"mappings":";;;;;;;;;;;;;;;;;;;;;;;;;;;;;;;;;;;AAAA,OAAO,EAAgC,iBAAiB,EAA6B,MAAM,cAAc,CAAC;AAG1G,OAAO,KAAK,MAAM,MAAM,QAAQ,CAAC;AACjC,OAAO,KAAK,QAAQ,MAAM,UAAU,CAAC;AAGrC;;GAEG;AACH;IAME;QAFA,eAAU,GAAmC,IAAI,GAAG,EAAE,CAAC;IAEvC,CAAC;IAEjB;;OAEG;IACI,4BAAW,GAAlB;QACE,EAAE,CAAC,CAAC,CAAC,gBAAgB,CAAC,QAAQ,CAAC,CAAC,CAAC;YAC/B,IAAM,gBAAgB,GAAG,IAAI,gBAAgB,EAAE,CAAC;YAChD,gBAAgB,CAAC,QAAQ,GAAG,gBAAgB,CAAC;QAC/C,CAAC;QACD,MAAM,CAAC,gBAAgB,CAAC,QAAQ,CAAC;IACnC,CAAC;IAED;;;;OAIG;IACH,oCAAS,GAAT,UAAU,IAAkB,EAAE,MAAW;QACvC,IAAM,SAAS,GAAG,MAAM,CAAC,IAAI,CAAC;QAC9B,IAAI,OAAO,GAAG,IAAI,CAAC,UAAU,CAAC,GAAG,CAAC,SAAS,CAAC,CAAC;QAC7C,EAAE,CAAC,CAAC,CAAC,OAAO,CAAC,CAAC,CAAC;YACb,OAAO,GAAG,IAAI,iBAAiB,EAAE,CAAC;YAClC,IAAI,CAAC,UAAU,CAAC,GAAG,CAAC,SAAS,EAAE,OAAO,CAAC,CAAC;QAC1C,CAAC;QACD,EAAE,CAAC,CAAC,IAAI,CAAC,CAAC,CAAC;YACT,OAAO,CAAC,SAAS,CAAC,KAAK,GAAG,IAAI,CAAC,KAAK,CAAC;YACrC,OAAO,CAAC,SAAS,CAAC,IAAI,GAAG,IAAI,CAAC,IAAI,CAAC;YACnC,OAAO,CAAC,QAAQ,GAAG,CAAC,IAAI,CAAC,QAAQ,KAAK,IAAI,CAAC,CAAC;QAC9C,CAAC;QACD,OAAO,CAAC,cAAc,EAAE,CAAC;IAC3B,CAAC;IAED;;;;;OAKG;IACH,mCAAQ,GAAR,UAAS,IAAiB,EAAE,MAAW,EAAE,WAA4B,EAAE,YAAkB;QACvF,IAAM,SAAS,GAAG,MAAM,CAAC,WAAW,CAAC,IAAI,CAAC;QAC1C,IAAI,OAAO,GAAG,IAAI,CAAC,UAAU,CAAC,GAAG,CAAC,SAAS,CAAC,CAAC;QAC7C,EAAE,CAAC,CAAC,CAAC,OAAO,CAAC,CAAC,CAAC;YACb,OAAO,GAAG,IAAI,iBAAiB,EAAE,CAAC;YAClC,IAAI,CAAC,UAAU,CAAC,GAAG,CAAC,SAAS,EAAE,OAAO,CAAC,CAAC;YACxC,OAAO,CAAC,cAAc,EAAE,CAAC;QAC3B,CAAC;QAED,IAAI,UAAU,GAAsB,EAAE,CAAC;QACvC,EAAE,CAAC,CAAC,IAAI,CAAC,CAAC,CAAC;YACT,EAAE,CAAC,CAAC,IAAI,CAAC,IAAI,KAAK,QAAQ,IAAI,IAAI,CAAC,IAAI,KAAK,QAAQ,CAAC,CAAC,CAAC;gBACrD,UAAU,CAAC,IAAI,GAAG,IAAI,CAAC,IAAI,CAAC;gBAC5B,IAAM,QAAQ,GAAG,IAAI,CAAC,UAAU,CAAC,GAAG,CAAC,YAAY,CAAC,IAAI,CAAC,CAAC;gBACxD,EAAE,CAAC,CAAC,QAAQ,CAAC,CAAC,CAAC;oBACb,UAAU,CAAC,UAAU,GAAG,QAAQ,CAAC,SAAS,CAAC,IAAI,CAAC,UAAU,CAAC;gBAC7D,CAAC;YACH,CAAC;YAAC,IAAI,CAAC,CAAC;gBACN,UAAU,GAAG,IAAI,CAAC;YACpB,CAAC;YAED,IAAM,gBAAgB,GAA8B;gBAClD,eAAe,EAAE,UAAU;aAC5B,CAAC;YAEF,IAAM,YAAY,GAAG,IAAI,CAAC,IAAI,IAAI,WAAW,CAAC;YAC9C,OAAO,CAAC,WAAW,CAAC,YAAY,EAAE,gBAAgB,CAAC,CAAC;QACtD,CAAC;QAAC,IAAI,CAAC,CAAC;YACN,IAAM,gBAAgB,GAA8B;gBAClD,eAAe,EAAE,EAAE;aACpB,CAAC;YACF,OAAO,CAAC,WAAW,CAAC,WAAW,EAAE,gBAAgB,CAAC,CAAC;QACrD,CAAC;IACH,CAAC;IAED;;OAEG;IACI,sCAAW,GAAlB;QACE,MAAM,CAAC,KAAK,CAAC,IAAI,CAAC,IAAI,CAAC,UAAU,CAAC,MAAM,EAAE,CAAC,CAAC;IAC9C,CAAC;IAED;;OAEG;IACI,wCAAa,GAApB;QACE,MAAM,CAAC,MAAM,CAAC,GAAG,CAAC,KAAK,CAAC,IAAI,CAAC,IAAI,CAAC,UAAU,CAAC,MAAM,EAAE,CAAC,EAAE,UAAC,OAAO;YAC9D,MAAM,CAAC,OAAO,CAAC,SAAS,CAAC;QAC3B,CAAC,CAAC,CAAC;IACL,CAAC;IAED;;OAEG;IACI,yCAAc,GAArB;QACE,MAAM,CAAC,IAAI,CAAC,UAAU,CAAC;IACzB,CAAC;IAED;;;OAGG;IACI,6CAAkB,GAAzB,UAA0B,SAAiB;QACzC,IAAM,eAAe,GAAG,IAAI,CAAC,UAAU,CAAC,GAAG,CAAC,SAAS,CAAC,CAAC;QAEvD,EAAE,CAAC,CAAC,eAAe,CAAC,CAAC,CAAC;YACpB,MAAM,CAAC,eAAe,CAAC,SAAS,CAAC;QACnC,CAAC;QACD,MAAM,CAAC,IAAI,CAAC;IACd,CAAC;IAED;;;OAGG;IACI,6CAAkB,GAAzB,UAA0B,SAAiB;QACzC,IAAM,eAAe,GAAG,MAAM,CAAC,IAAI,CAAC,KAAK,CAAC,IAAI,CAAC,IAAI,CAAC,UAAU,CAAC,MAAM,EAAE,CAAC,EAAE,UAAC,iBAAiB;YAC1F,MAAM,CAAC,iBAAiB,CAAC,SAAS,CAAC,KAAK,KAAK,SAAS,CAAC;QACzD,CAAC,CAAC,CAAC;QAEH,EAAE,CAAC,CAAC,eAAe,CAAC,CAAC,CAAC;YACpB,MAAM,CAAC,eAAe,CAAC,SAAS,CAAC;QACnC,CAAC;QACD,MAAM,CAAC,IAAI,CAAC;IACd,CAAC;IAED;;;KAGC;IACM,4CAAiB,GAAxB,UAAyB,IAAY;QACnC,IAAM,eAAe,GAAG,MAAM,CAAC,IAAI,CAAC,KAAK,CAAC,IAAI,CAAC,IAAI,CAAC,UAAU,CAAC,MAAM,EAAE,CAAC,EAAE,UAAC,iBAAiB;YAC1F,MAAM,CAAC,iBAAiB,CAAC,SAAS,CAAC,IAAI,KAAK,IAAI,CAAC;QACnD,CAAC,CAAC,CAAC;QAEH,EAAE,CAAC,CAAC,eAAe,CAAC,CAAC,CAAC;YACpB,MAAM,CAAC,eAAe,CAAC,SAAS,CAAC;QACnC,CAAC;QACD,MAAM,CAAC,IAAI,CAAC;IACd,CAAC;IAED;;OAEG;IACI,sCAAW,GAAlB;QACE,MAAM,CAAC,MAAM,CAAC,GAAG,CAAC,KAAK,CAAC,IAAI,CAAC,IAAI,CAAC,UAAU,CAAC,MAAM,EAAE,CAAC,EAAE,UAAC,OAAO;YAC9D,MAAM,CAAC,OAAO,CAAC,SAAS,CAAC,KAAK,CAAC;QACjC,CAAC,CAAC,CAAC;IACL,CAAC;IAED;;OAEG;IACU,yCAAc,GAA3B,UAA4B,QAAgB;;;;;;;wBACpC,QAAQ,GAAG,gBAAgB,CAAC,WAAW,EAAE,CAAC,WAAW,EAAE,CAAC;wBAE9D,qBAAM,QAAQ,CAAC,IAAI,CAAC,QAAQ,EAAE,UAAO,eAAe;;;;;iDAC9C,CAAC,eAAe,CAAC,QAAQ,EAAzB,wBAAyB;4CACrB,SAAS,GAAG,eAAe,CAAC,SAAS,CAAC;iDAExC,SAAS,CAAC,KAAK,EAAf,wBAAe;4CACjB,uCAAuC;4CACvC,OAAO,eAAe,CAAC,QAAQ,CAAC;4CAEb,qBAAM,QAAQ,CAAC,OAAO,CAAC,MAAM,CAAC,EAAE,KAAK,EAAE,SAAS,CAAC,KAAK,EAAE,CAAC,EAAA;;4CAAtE,UAAU,GAAG,SAAyD;iDACxE,CAAC,UAAU,EAAX,wBAAW;4CACb,eAAe;4CACf,qBAAM,QAAQ,CAAC,OAAO,CAAC,MAAM,CAAC,EAAE,KAAK,EAAE,SAAS,CAAC,KAAK,EAAE,CAAC,EAAA;;4CADzD,eAAe;4CACf,SAAyD,CAAC;4CAC1D,iBAAiB;4CACjB,qBAAM,QAAQ,CAAC,OAAO,CAAC,UAAU,CAAC,SAAS,CAAC,EAAA;;4CAD5C,iBAAiB;4CACjB,SAA4C,CAAC;;;wCAE7C,iBAAiB;wCACjB,qBAAM,QAAQ,CAAC,OAAO,CAAC,UAAU,CAAC,SAAS,CAAC,EAAA;;4CAD5C,iBAAiB;4CACjB,SAA4C,CAAC;;;;;iCAIpD,CAAC,EAAA;;wBApBF,SAoBE,CAAC;;;;;KACJ;IACH,uBAAC;AAAD,CAAC,AAvLD,IAuLC","sourcesContent":["import { EsMapping, EsMappingProperty, InternalEsMapping, InternalEsMappingProperty } from './es-mapping';\nimport { EsFieldArgs } from './es-field.decorator';\nimport { EsEntityArgs } from './es-entity.decorator';\nimport * as lodash from 'lodash';\nimport * as bluebird from 'bluebird';\nimport { Client } from 'elasticsearch';\n\n/**\n * Service used to manage mapping loading and share it\n */\nexport class EsMappingService {\n\n  static instance: EsMappingService;\n\n  esMappings: Map<String, InternalEsMapping> = new Map();\n\n  constructor() { }\n\n  /**\n   * Get the singleton instance\n   */\n  static getInstance(): EsMappingService {\n    if (!EsMappingService.instance) {\n      const esMappingService = new EsMappingService();\n      EsMappingService.instance = esMappingService;\n    }\n    return EsMappingService.instance;\n  }\n\n  /**\n   * Add the entity in the mapping\n   * @param args decorator args\n   * @param target class\n   */\n  addEntity(args: EsEntityArgs, target: any): void {\n    const className = target.name;\n    let mapping = this.esMappings.get(className);\n    if (!mapping) {\n      mapping = new InternalEsMapping();\n      this.esMappings.set(className, mapping);\n    }\n    if (args) {\n      mapping.esmapping.index = args.index;\n      mapping.esmapping.type = args.type;\n      mapping.readonly = (args.readonly === true);\n    }\n    mapping.mergeEsMapping();\n  }\n\n  /**\n   * Add the field in the mapping\n   * @param args decorator args\n   * @param target class\n   * @param propertyKey the property\n   */\n  addField(args: EsFieldArgs, target: any, propertyKey: string | symbol, propertyType?: any): void {\n    const className = target.constructor.name;\n    let mapping = this.esMappings.get(className);\n    if (!mapping) {\n      mapping = new InternalEsMapping();\n      this.esMappings.set(className, mapping);\n      mapping.mergeEsMapping();\n    }\n\n    let properties: EsMappingProperty = {};\n    if (args) {\n      if (args.type === 'nested' || args.type === 'object') {\n        properties.type = args.type;\n        const esEntity = this.esMappings.get(propertyType.name);\n        if (esEntity) {\n          properties.properties = esEntity.esmapping.body.properties;\n        }\n      } else {\n        properties = args;\n      }\n\n      const internalProperty: InternalEsMappingProperty = {\n        propertyMapping: properties\n      };\n\n      const propertyName = args.name || propertyKey;\n      mapping.addProperty(propertyName, internalProperty);\n    } else {\n      const internalProperty: InternalEsMappingProperty = {\n        propertyMapping: {}\n      };\n      mapping.addProperty(propertyKey, internalProperty);\n    }\n  }\n\n  /**\n   * Alllow you to get the generated mapping list ready to be inserted inside elasticsearch\n   */\n  public getMappings(): Array<InternalEsMapping> {\n    return Array.from(this.esMappings.values());\n  }\n\n  /**\n   * Allow you to get all index\n   */\n  public getEsMappings(): Array<EsMapping> {\n    return lodash.map(Array.from(this.esMappings.values()), (mapping) => {\n      return mapping.esmapping;\n    });\n  }\n\n  /**\n   * Allow you to get the generate mapping map\n   */\n  public getMappingsMap() {\n    return this.esMappings;\n  }\n\n  /**\n   * Alllow you to get the generated mapping ready to be inserted inside elasticsearch\n   * for a class name\n   */\n  public getMappingForClass(className: String): EsMapping {\n    const internalMapping = this.esMappings.get(className);\n\n    if (internalMapping) {\n      return internalMapping.esmapping;\n    }\n    return null;\n  }\n\n  /**\n   * Alllow you to get the generated mapping  ready to be inserted inside elasticsearch\n   * for an index name\n   */\n  public getMappingForIndex(indexName: String): EsMapping {\n    const internalMapping = lodash.find(Array.from(this.esMappings.values()), (internalEsMapping) => {\n      return internalEsMapping.esmapping.index === indexName;\n    });\n\n    if (internalMapping) {\n      return internalMapping.esmapping;\n    }\n    return null;\n  }\n\n  /**\n * Alllow you to get the generated mapping  eady to be inserted inside elasticsearch\n * for an type\n */\n  public getMappingForType(type: String): EsMapping {\n    const internalMapping = lodash.find(Array.from(this.esMappings.values()), (internalEsMapping) => {\n      return internalEsMapping.esmapping.type === type;\n    });\n\n    if (internalMapping) {\n      return internalMapping.esmapping;\n    }\n    return null;\n  }\n\n  /**\n   * Allow you to get all index\n   */\n  public getAllIndex(): Array<String> {\n    return lodash.map(Array.from(this.esMappings.values()), (mapping) => {\n      return mapping.esmapping.index;\n    });\n  }\n\n  /**\n   * Allow to insert/update mapping into elasticsearch\n   */\n  public async uploadMappings(esclient: Client) {\n    const mappings = EsMappingService.getInstance().getMappings();\n\n    await bluebird.each(mappings, async (internalMapping) => {\n      if (!internalMapping.readonly) {\n        const esMapping = internalMapping.esmapping;\n\n        if (esMapping.index) {\n          // Delete readonly for ES compatibility\n          delete internalMapping.readonly;\n\n          const indexExist = await esclient.indices.exists({ index: esMapping.index });\n          if (!indexExist) {\n            // create index\n            await esclient.indices.create({ index: esMapping.index });\n            // create mapping\n            await esclient.indices.putMapping(esMapping);\n          } else {\n            // update mapping\n            await esclient.indices.putMapping(esMapping);\n          }\n        }\n      }\n    });\n  }\n}\n"]},"_coverageSchema":"332fd63041d2c1bcb487cc26dd0d5f7d97098a6c","hash":"1fa223e582da72f3e47eeea500a3d0e0b4e26196"}
,"C:\\workspace\\WS\\WS_ES_MAPPING_TS\\src\\lib\\es-mapping-ts\\es-mapping.ts": {"path":"C:\\workspace\\WS\\WS_ES_MAPPING_TS\\src\\lib\\es-mapping-ts\\es-mapping.ts","statementMap":{"0":{"start":{"line":4,"column":31},"end":{"line":9,"column":3}},"1":{"start":{"line":6,"column":8},"end":{"line":6,"column":39}},"2":{"start":{"line":8,"column":4},"end":{"line":8,"column":21}},"3":{"start":{"line":14,"column":39},"end":{"line":31,"column":3}},"4":{"start":{"line":16,"column":8},"end":{"line":16,"column":36}},"5":{"start":{"line":17,"column":8},"end":{"line":17,"column":41}},"6":{"start":{"line":19,"column":4},"end":{"line":25,"column":6}},"7":{"start":{"line":20,"column":8},"end":{"line":22,"column":9}},"8":{"start":{"line":21,"column":12},"end":{"line":21,"column":45}},"9":{"start":{"line":23,"column":8},"end":{"line":23,"column":52}},"10":{"start":{"line":24,"column":8},"end":{"line":24,"column":50}},"11":{"start":{"line":26,"column":4},"end":{"line":29,"column":6}},"12":{"start":{"line":27,"column":8},"end":{"line":27,"column":43}},"13":{"start":{"line":28,"column":8},"end":{"line":28,"column":71}},"14":{"start":{"line":30,"column":4},"end":{"line":30,"column":29}}},"fnMap":{"0":{"name":"(anonymous_0)","decl":{"start":{"line":4,"column":31},"end":{"line":4,"column":32}},"loc":{"start":{"line":4,"column":43},"end":{"line":9,"column":1}},"line":4},"1":{"name":"EsMapping","decl":{"start":{"line":5,"column":13},"end":{"line":5,"column":22}},"loc":{"start":{"line":5,"column":25},"end":{"line":7,"column":5}},"line":5},"2":{"name":"(anonymous_2)","decl":{"start":{"line":14,"column":39},"end":{"line":14,"column":40}},"loc":{"start":{"line":14,"column":51},"end":{"line":31,"column":1}},"line":14},"3":{"name":"InternalEsMapping","decl":{"start":{"line":15,"column":13},"end":{"line":15,"column":30}},"loc":{"start":{"line":15,"column":33},"end":{"line":18,"column":5}},"line":15},"4":{"name":"(anonymous_4)","decl":{"start":{"line":19,"column":49},"end":{"line":19,"column":50}},"loc":{"start":{"line":19,"column":61},"end":{"line":25,"column":5}},"line":19},"5":{"name":"(anonymous_5)","decl":{"start":{"line":26,"column":46},"end":{"line":26,"column":47}},"loc":{"start":{"line":26,"column":71},"end":{"line":29,"column":5}},"line":26}},"branchMap":{"0":{"loc":{"start":{"line":20,"column":8},"end":{"line":22,"column":9}},"type":"if","locations":[{"start":{"line":20,"column":8},"end":{"line":22,"column":9}},{"start":{"line":20,"column":8},"end":{"line":22,"column":9}}],"line":20}},"s":{"0":1,"1":3,"2":1,"3":1,"4":3,"5":3,"6":1,"7":6,"8":0,"9":6,"10":6,"11":1,"12":10,"13":10,"14":1},"f":{"0":1,"1":3,"2":1,"3":3,"4":6,"5":10},"b":{"0":[0,6]},"inputSourceMap":{"version":3,"file":"es-mapping.js","sourceRoot":"","sources":["es-mapping.ts"],"names":[],"mappings":"AAEA;;GAEG;AACH;IAKE;QACE,IAAI,CAAC,IAAI,GAAG,EAAE,UAAU,EAAE,EAAE,EAAE,CAAC;IACjC,CAAC;IACH,gBAAC;AAAD,CAAC,AARD,IAQC;;AAED;;GAEG;AACH;IAOE;QAFA,eAAU,GAAoD,IAAI,GAAG,EAAE,CAAC;QAGtE,IAAI,CAAC,SAAS,GAAG,IAAI,SAAS,EAAE,CAAC;IACnC,CAAC;IAED,0CAAc,GAAd;QACE,EAAE,CAAC,CAAC,CAAC,IAAI,CAAC,SAAS,CAAC,CAAC,CAAC;YACpB,IAAI,CAAC,SAAS,GAAG,IAAI,SAAS,EAAE,CAAC;QACnC,CAAC;QACD,IAAI,CAAC,SAAS,CAAC,KAAK,GAAG,IAAI,CAAC,SAAS,CAAC,KAAK,CAAC;QAC5C,IAAI,CAAC,SAAS,CAAC,IAAI,GAAG,IAAI,CAAC,SAAS,CAAC,IAAI,CAAC;IAC5C,CAAC;IAED,uCAAW,GAAX,UAAY,IAAqB,EAAE,OAAkC;QACnE,IAAI,CAAC,UAAU,CAAC,GAAG,CAAC,IAAI,EAAE,OAAO,CAAC,CAAC;QACnC,IAAI,CAAC,SAAS,CAAC,IAAI,CAAC,UAAU,CAAC,IAAI,CAAC,GAAG,OAAO,CAAC,eAAe,CAAC;IACjE,CAAC;IACH,wBAAC;AAAD,CAAC,AAvBD,IAuBC","sourcesContent":["\n\n/**\n * Base format of an elasticsearch mapping\n */\nexport class EsMapping {\n  index: string;\n  type: string;\n  body: { properties: any };\n\n  constructor() {\n    this.body = { properties: {} };\n  }\n}\n\n/**\n * Internal mapping to handle specific parameter\n */\nexport class InternalEsMapping {\n  index: string;\n  type: string;\n  readonly: boolean;\n  esmapping: EsMapping;\n  properties: Map<string | symbol, InternalEsMappingProperty> = new Map();\n\n  constructor() {\n    this.esmapping = new EsMapping();\n  }\n\n  mergeEsMapping(): void {\n    if (!this.esmapping) {\n      this.esmapping = new EsMapping();\n    }\n    this.esmapping.index = this.esmapping.index;\n    this.esmapping.type = this.esmapping.type;\n  }\n\n  addProperty(name: string | symbol, mapping: InternalEsMappingProperty): void {\n    this.properties.set(name, mapping);\n    this.esmapping.body.properties[name] = mapping.propertyMapping;\n  }\n}\n\n/**\n * Base format of an elasticsearch property\n */\nexport interface EsMappingProperty {\n  type?: string;\n  analyzer?: string;\n  properties?: any;\n  fields?: any;\n}\n\n/**\n * Base format of an elasticsearch property\n */\nexport interface InternalEsMappingProperty extends EsMappingProperty {\n  propertyMapping: EsMappingProperty;\n  transformers?: EsMappingPropertyTranformer[];\n}\n\nexport interface EsMappingPropertyTranformer {\n  fieldName: string;\n  transformer: EsPropertyTranformer;\n}\n\nexport interface EsPropertyTranformer {\n  transform(input: any);\n}\n"]},"_coverageSchema":"332fd63041d2c1bcb487cc26dd0d5f7d97098a6c","hash":"e1fbd17f4e35364181a1c4e0b9ef17ab70bccd06"}
,"C:\\workspace\\WS\\WS_ES_MAPPING_TS\\src\\lib\\es-mapping-ts\\index.ts": {"path":"C:\\workspace\\WS\\WS_ES_MAPPING_TS\\src\\lib\\es-mapping-ts\\index.ts","statementMap":{},"fnMap":{},"branchMap":{},"s":{},"f":{},"b":{},"inputSourceMap":{"version":3,"file":"index.js","sourceRoot":"","sources":["index.ts"],"names":[],"mappings":"AAAA,cAAc,uBAAuB,CAAC;AACtC,cAAc,sBAAsB,CAAC;AACrC,cAAc,sBAAsB,CAAC;AACrC,cAAc,cAAc,CAAC","sourcesContent":["export * from './es-entity.decorator';\nexport * from './es-field.decorator';\nexport * from './es-mapping.service';\nexport * from './es-mapping';\n"]},"_coverageSchema":"332fd63041d2c1bcb487cc26dd0d5f7d97098a6c","hash":"439c8c927c088ebaf32c56fc49f70c652a69be1c"}
,"C:\\workspace\\WS\\WS_ES_MAPPING_TS\\src\\test\\es-mapping.spec.ts": {"path":"C:\\workspace\\WS\\WS_ES_MAPPING_TS\\src\\test\\es-mapping.spec.ts","statementMap":{"0":{"start":{"line":1,"column":16},"end":{"line":8,"column":1}},"1":{"start":{"line":2,"column":4},"end":{"line":7,"column":7}},"2":{"start":{"line":3,"column":36},"end":{"line":3,"column":97}},"3":{"start":{"line":3,"column":42},"end":{"line":3,"column":70}},"4":{"start":{"line":3,"column":85},"end":{"line":3,"column":95}},"5":{"start":{"line":4,"column":35},"end":{"line":4,"column":100}},"6":{"start":{"line":4,"column":41},"end":{"line":4,"column":73}},"7":{"start":{"line":4,"column":88},"end":{"line":4,"column":98}},"8":{"start":{"line":5,"column":32},"end":{"line":5,"column":149}},"9":{"start":{"line":5,"column":97},"end":{"line":5,"column":119}},"10":{"start":{"line":6,"column":8},"end":{"line":6,"column":78}},"11":{"start":{"line":9,"column":18},"end":{"line":35,"column":1}},"12":{"start":{"line":10,"column":12},"end":{"line":10,"column":104}},"13":{"start":{"line":10,"column":43},"end":{"line":10,"column":68}},"14":{"start":{"line":10,"column":57},"end":{"line":10,"column":68}},"15":{"start":{"line":10,"column":69},"end":{"line":10,"column":81}},"16":{"start":{"line":11,"column":4},"end":{"line":11,"column":157}},"17":{"start":{"line":11,"column":138},"end":{"line":11,"column":150}},"18":{"start":{"line":12,"column":23},"end":{"line":12,"column":68}},"19":{"start":{"line":12,"column":45},"end":{"line":12,"column":65}},"20":{"start":{"line":14,"column":8},"end":{"line":14,"column":70}},"21":{"start":{"line":14,"column":15},"end":{"line":14,"column":70}},"22":{"start":{"line":15,"column":8},"end":{"line":32,"column":66}},"23":{"start":{"line":15,"column":18},"end":{"line":32,"column":66}},"24":{"start":{"line":16,"column":12},"end":{"line":16,"column":127}},"25":{"start":{"line":16,"column":118},"end":{"line":16,"column":127}},"26":{"start":{"line":17,"column":12},"end":{"line":17,"column":44}},"27":{"start":{"line":17,"column":26},"end":{"line":17,"column":44}},"28":{"start":{"line":18,"column":12},"end":{"line":30,"column":13}},"29":{"start":{"line":19,"column":32},"end":{"line":19,"column":39}},"30":{"start":{"line":19,"column":40},"end":{"line":19,"column":46}},"31":{"start":{"line":20,"column":24},"end":{"line":20,"column":34}},"32":{"start":{"line":20,"column":35},"end":{"line":20,"column":72}},"33":{"start":{"line":21,"column":24},"end":{"line":21,"column":34}},"34":{"start":{"line":21,"column":35},"end":{"line":21,"column":45}},"35":{"start":{"line":21,"column":46},"end":{"line":21,"column":55}},"36":{"start":{"line":21,"column":56},"end":{"line":21,"column":65}},"37":{"start":{"line":22,"column":24},"end":{"line":22,"column":41}},"38":{"start":{"line":22,"column":42},"end":{"line":22,"column":55}},"39":{"start":{"line":22,"column":56},"end":{"line":22,"column":65}},"40":{"start":{"line":24,"column":20},"end":{"line":24,"column":128}},"41":{"start":{"line":24,"column":110},"end":{"line":24,"column":116}},"42":{"start":{"line":24,"column":117},"end":{"line":24,"column":126}},"43":{"start":{"line":25,"column":20},"end":{"line":25,"column":106}},"44":{"start":{"line":25,"column":81},"end":{"line":25,"column":97}},"45":{"start":{"line":25,"column":98},"end":{"line":25,"column":104}},"46":{"start":{"line":26,"column":20},"end":{"line":26,"column":89}},"47":{"start":{"line":26,"column":57},"end":{"line":26,"column":72}},"48":{"start":{"line":26,"column":73},"end":{"line":26,"column":80}},"49":{"start":{"line":26,"column":81},"end":{"line":26,"column":87}},"50":{"start":{"line":27,"column":20},"end":{"line":27,"column":87}},"51":{"start":{"line":27,"column":47},"end":{"line":27,"column":62}},"52":{"start":{"line":27,"column":63},"end":{"line":27,"column":78}},"53":{"start":{"line":27,"column":79},"end":{"line":27,"column":85}},"54":{"start":{"line":28,"column":20},"end":{"line":28,"column":42}},"55":{"start":{"line":28,"column":30},"end":{"line":28,"column":42}},"56":{"start":{"line":29,"column":20},"end":{"line":29,"column":33}},"57":{"start":{"line":29,"column":34},"end":{"line":29,"column":43}},"58":{"start":{"line":31,"column":12},"end":{"line":31,"column":39}},"59":{"start":{"line":32,"column":22},"end":{"line":32,"column":34}},"60":{"start":{"line":32,"column":35},"end":{"line":32,"column":41}},"61":{"start":{"line":32,"column":54},"end":{"line":32,"column":64}},"62":{"start":{"line":33,"column":8},"end":{"line":33,"column":35}},"63":{"start":{"line":33,"column":23},"end":{"line":33,"column":35}},"64":{"start":{"line":33,"column":36},"end":{"line":33,"column":89}},"65":{"start":{"line":36,"column":12},"end":{"line":36,"column":16}},"66":{"start":{"line":40,"column":0},"end":{"line":102,"column":3}},"67":{"start":{"line":41,"column":4},"end":{"line":44,"column":7}},"68":{"start":{"line":42,"column":23},"end":{"line":42,"column":85}},"69":{"start":{"line":43,"column":8},"end":{"line":43,"column":39}},"70":{"start":{"line":45,"column":4},"end":{"line":48,"column":7}},"71":{"start":{"line":46,"column":23},"end":{"line":46,"column":82}},"72":{"start":{"line":47,"column":8},"end":{"line":47,"column":39}},"73":{"start":{"line":49,"column":4},"end":{"line":52,"column":7}},"74":{"start":{"line":50,"column":23},"end":{"line":50,"column":82}},"75":{"start":{"line":51,"column":8},"end":{"line":51,"column":39}},"76":{"start":{"line":53,"column":4},"end":{"line":56,"column":7}},"77":{"start":{"line":54,"column":23},"end":{"line":54,"column":82}},"78":{"start":{"line":55,"column":8},"end":{"line":55,"column":36}},"79":{"start":{"line":57,"column":4},"end":{"line":60,"column":7}},"80":{"start":{"line":58,"column":23},"end":{"line":58,"column":88}},"81":{"start":{"line":59,"column":8},"end":{"line":59,"column":39}},"82":{"start":{"line":61,"column":4},"end":{"line":77,"column":7}},"83":{"start":{"line":62,"column":22},"end":{"line":62,"column":81}},"84":{"start":{"line":63,"column":8},"end":{"line":63,"column":38}},"85":{"start":{"line":64,"column":8},"end":{"line":64,"column":43}},"86":{"start":{"line":65,"column":8},"end":{"line":65,"column":48}},"87":{"start":{"line":66,"column":8},"end":{"line":66,"column":51}},"88":{"start":{"line":67,"column":8},"end":{"line":67,"column":59}},"89":{"start":{"line":68,"column":8},"end":{"line":68,"column":64}},"90":{"start":{"line":69,"column":8},"end":{"line":69,"column":63}},"91":{"start":{"line":70,"column":8},"end":{"line":70,"column":61}},"92":{"start":{"line":71,"column":8},"end":{"line":71,"column":62}},"93":{"start":{"line":72,"column":8},"end":{"line":72,"column":71}},"94":{"start":{"line":73,"column":8},"end":{"line":73,"column":73}},"95":{"start":{"line":74,"column":8},"end":{"line":74,"column":62}},"96":{"start":{"line":75,"column":8},"end":{"line":75,"column":71}},"97":{"start":{"line":76,"column":8},"end":{"line":76,"column":73}},"98":{"start":{"line":78,"column":4},"end":{"line":89,"column":11}},"99":{"start":{"line":78,"column":75},"end":{"line":89,"column":7}},"100":{"start":{"line":79,"column":8},"end":{"line":88,"column":11}},"101":{"start":{"line":80,"column":12},"end":{"line":86,"column":13}},"102":{"start":{"line":81,"column":16},"end":{"line":81,"column":59}},"103":{"start":{"line":84,"column":16},"end":{"line":84,"column":42}},"104":{"start":{"line":85,"column":16},"end":{"line":85,"column":132}},"105":{"start":{"line":87,"column":12},"end":{"line":87,"column":34}},"106":{"start":{"line":90,"column":4},"end":{"line":101,"column":11}},"107":{"start":{"line":90,"column":92},"end":{"line":101,"column":7}},"108":{"start":{"line":91,"column":8},"end":{"line":100,"column":11}},"109":{"start":{"line":92,"column":12},"end":{"line":98,"column":13}},"110":{"start":{"line":93,"column":16},"end":{"line":93,"column":61}},"111":{"start":{"line":96,"column":16},"end":{"line":96,"column":42}},"112":{"start":{"line":97,"column":16},"end":{"line":97,"column":135}},"113":{"start":{"line":99,"column":12},"end":{"line":99,"column":34}}},"fnMap":{"0":{"name":"(anonymous_0)","decl":{"start":{"line":1,"column":44},"end":{"line":1,"column":45}},"loc":{"start":{"line":1,"column":89},"end":{"line":8,"column":1}},"line":1},"1":{"name":"(anonymous_1)","decl":{"start":{"line":2,"column":36},"end":{"line":2,"column":37}},"loc":{"start":{"line":2,"column":63},"end":{"line":7,"column":5}},"line":2},"2":{"name":"fulfilled","decl":{"start":{"line":3,"column":17},"end":{"line":3,"column":26}},"loc":{"start":{"line":3,"column":34},"end":{"line":3,"column":99}},"line":3},"3":{"name":"rejected","decl":{"start":{"line":4,"column":17},"end":{"line":4,"column":25}},"loc":{"start":{"line":4,"column":33},"end":{"line":4,"column":102}},"line":4},"4":{"name":"step","decl":{"start":{"line":5,"column":17},"end":{"line":5,"column":21}},"loc":{"start":{"line":5,"column":30},"end":{"line":5,"column":151}},"line":5},"5":{"name":"(anonymous_5)","decl":{"start":{"line":5,"column":76},"end":{"line":5,"column":77}},"loc":{"start":{"line":5,"column":95},"end":{"line":5,"column":121}},"line":5},"6":{"name":"(anonymous_6)","decl":{"start":{"line":9,"column":48},"end":{"line":9,"column":49}},"loc":{"start":{"line":9,"column":73},"end":{"line":35,"column":1}},"line":9},"7":{"name":"(anonymous_7)","decl":{"start":{"line":10,"column":30},"end":{"line":10,"column":31}},"loc":{"start":{"line":10,"column":41},"end":{"line":10,"column":83}},"line":10},"8":{"name":"(anonymous_8)","decl":{"start":{"line":11,"column":125},"end":{"line":11,"column":126}},"loc":{"start":{"line":11,"column":136},"end":{"line":11,"column":152}},"line":11},"9":{"name":"verb","decl":{"start":{"line":12,"column":13},"end":{"line":12,"column":17}},"loc":{"start":{"line":12,"column":21},"end":{"line":12,"column":70}},"line":12},"10":{"name":"(anonymous_10)","decl":{"start":{"line":12,"column":30},"end":{"line":12,"column":31}},"loc":{"start":{"line":12,"column":43},"end":{"line":12,"column":67}},"line":12},"11":{"name":"step","decl":{"start":{"line":13,"column":13},"end":{"line":13,"column":17}},"loc":{"start":{"line":13,"column":22},"end":{"line":34,"column":5}},"line":13},"12":{"name":"(anonymous_12)","decl":{"start":{"line":40,"column":28},"end":{"line":40,"column":29}},"loc":{"start":{"line":40,"column":40},"end":{"line":102,"column":1}},"line":40},"13":{"name":"(anonymous_13)","decl":{"start":{"line":41,"column":53},"end":{"line":41,"column":54}},"loc":{"start":{"line":41,"column":65},"end":{"line":44,"column":5}},"line":41},"14":{"name":"(anonymous_14)","decl":{"start":{"line":45,"column":50},"end":{"line":45,"column":51}},"loc":{"start":{"line":45,"column":62},"end":{"line":48,"column":5}},"line":45},"15":{"name":"(anonymous_15)","decl":{"start":{"line":49,"column":50},"end":{"line":49,"column":51}},"loc":{"start":{"line":49,"column":62},"end":{"line":52,"column":5}},"line":49},"16":{"name":"(anonymous_16)","decl":{"start":{"line":53,"column":54},"end":{"line":53,"column":55}},"loc":{"start":{"line":53,"column":66},"end":{"line":56,"column":5}},"line":53},"17":{"name":"(anonymous_17)","decl":{"start":{"line":57,"column":56},"end":{"line":57,"column":57}},"loc":{"start":{"line":57,"column":68},"end":{"line":60,"column":5}},"line":57},"18":{"name":"(anonymous_18)","decl":{"start":{"line":61,"column":53},"end":{"line":61,"column":54}},"loc":{"start":{"line":61,"column":65},"end":{"line":77,"column":5}},"line":61},"19":{"name":"(anonymous_19)","decl":{"start":{"line":78,"column":61},"end":{"line":78,"column":62}},"loc":{"start":{"line":78,"column":73},"end":{"line":89,"column":9}},"line":78},"20":{"name":"(anonymous_20)","decl":{"start":{"line":78,"column":115},"end":{"line":78,"column":116}},"loc":{"start":{"line":78,"column":127},"end":{"line":89,"column":5}},"line":78},"21":{"name":"(anonymous_21)","decl":{"start":{"line":79,"column":33},"end":{"line":79,"column":34}},"loc":{"start":{"line":79,"column":47},"end":{"line":88,"column":9}},"line":79},"22":{"name":"(anonymous_22)","decl":{"start":{"line":90,"column":78},"end":{"line":90,"column":79}},"loc":{"start":{"line":90,"column":90},"end":{"line":101,"column":9}},"line":90},"23":{"name":"(anonymous_23)","decl":{"start":{"line":90,"column":132},"end":{"line":90,"column":133}},"loc":{"start":{"line":90,"column":144},"end":{"line":101,"column":5}},"line":90},"24":{"name":"(anonymous_24)","decl":{"start":{"line":91,"column":33},"end":{"line":91,"column":34}},"loc":{"start":{"line":91,"column":47},"end":{"line":100,"column":9}},"line":91}},"branchMap":{"0":{"loc":{"start":{"line":1,"column":16},"end":{"line":8,"column":1}},"type":"binary-expr","locations":[{"start":{"line":1,"column":17},"end":{"line":1,"column":21}},{"start":{"line":1,"column":25},"end":{"line":1,"column":39}},{"start":{"line":1,"column":44},"end":{"line":8,"column":1}}],"line":1},"1":{"loc":{"start":{"line":2,"column":16},"end":{"line":2,"column":34}},"type":"binary-expr","locations":[{"start":{"line":2,"column":16},"end":{"line":2,"column":17}},{"start":{"line":2,"column":22},"end":{"line":2,"column":33}}],"line":2},"2":{"loc":{"start":{"line":5,"column":32},"end":{"line":5,"column":148}},"type":"cond-expr","locations":[{"start":{"line":5,"column":46},"end":{"line":5,"column":67}},{"start":{"line":5,"column":70},"end":{"line":5,"column":148}}],"line":5},"3":{"loc":{"start":{"line":6,"column":51},"end":{"line":6,"column":67}},"type":"binary-expr","locations":[{"start":{"line":6,"column":51},"end":{"line":6,"column":61}},{"start":{"line":6,"column":65},"end":{"line":6,"column":67}}],"line":6},"4":{"loc":{"start":{"line":9,"column":18},"end":{"line":35,"column":1}},"type":"binary-expr","locations":[{"start":{"line":9,"column":19},"end":{"line":9,"column":23}},{"start":{"line":9,"column":27},"end":{"line":9,"column":43}},{"start":{"line":9,"column":48},"end":{"line":35,"column":1}}],"line":9},"5":{"loc":{"start":{"line":10,"column":43},"end":{"line":10,"column":68}},"type":"if","locations":[{"start":{"line":10,"column":43},"end":{"line":10,"column":68}},{"start":{"line":10,"column":43},"end":{"line":10,"column":68}}],"line":10},"6":{"loc":{"start":{"line":11,"column":71},"end":{"line":11,"column":153}},"type":"binary-expr","locations":[{"start":{"line":11,"column":71},"end":{"line":11,"column":99}},{"start":{"line":11,"column":104},"end":{"line":11,"column":152}}],"line":11},"7":{"loc":{"start":{"line":14,"column":8},"end":{"line":14,"column":70}},"type":"if","locations":[{"start":{"line":14,"column":8},"end":{"line":14,"column":70}},{"start":{"line":14,"column":8},"end":{"line":14,"column":70}}],"line":14},"8":{"loc":{"start":{"line":16,"column":12},"end":{"line":16,"column":127}},"type":"if","locations":[{"start":{"line":16,"column":12},"end":{"line":16,"column":127}},{"start":{"line":16,"column":12},"end":{"line":16,"column":127}}],"line":16},"9":{"loc":{"start":{"line":16,"column":23},"end":{"line":16,"column":116}},"type":"binary-expr","locations":[{"start":{"line":16,"column":23},"end":{"line":16,"column":24}},{"start":{"line":16,"column":29},"end":{"line":16,"column":83}},{"start":{"line":16,"column":88},"end":{"line":16,"column":116}}],"line":16},"10":{"loc":{"start":{"line":16,"column":35},"end":{"line":16,"column":82}},"type":"cond-expr","locations":[{"start":{"line":16,"column":47},"end":{"line":16,"column":55}},{"start":{"line":16,"column":58},"end":{"line":16,"column":82}}],"line":16},"11":{"loc":{"start":{"line":16,"column":58},"end":{"line":16,"column":82}},"type":"cond-expr","locations":[{"start":{"line":16,"column":66},"end":{"line":16,"column":73}},{"start":{"line":16,"column":76},"end":{"line":16,"column":82}}],"line":16},"12":{"loc":{"start":{"line":17,"column":12},"end":{"line":17,"column":44}},"type":"if","locations":[{"start":{"line":17,"column":12},"end":{"line":17,"column":44}},{"start":{"line":17,"column":12},"end":{"line":17,"column":44}}],"line":17},"13":{"loc":{"start":{"line":18,"column":12},"end":{"line":30,"column":13}},"type":"switch","locations":[{"start":{"line":19,"column":16},"end":{"line":19,"column":23}},{"start":{"line":19,"column":24},"end":{"line":19,"column":46}},{"start":{"line":20,"column":16},"end":{"line":20,"column":72}},{"start":{"line":21,"column":16},"end":{"line":21,"column":65}},{"start":{"line":22,"column":16},"end":{"line":22,"column":65}},{"start":{"line":23,"column":16},"end":{"line":29,"column":43}}],"line":18},"14":{"loc":{"start":{"line":24,"column":20},"end":{"line":24,"column":128}},"type":"if","locations":[{"start":{"line":24,"column":20},"end":{"line":24,"column":128}},{"start":{"line":24,"column":20},"end":{"line":24,"column":128}}],"line":24},"15":{"loc":{"start":{"line":24,"column":24},"end":{"line":24,"column":106}},"type":"binary-expr","locations":[{"start":{"line":24,"column":24},"end":{"line":24,"column":74}},{"start":{"line":24,"column":79},"end":{"line":24,"column":90}},{"start":{"line":24,"column":94},"end":{"line":24,"column":105}}],"line":24},"16":{"loc":{"start":{"line":24,"column":42},"end":{"line":24,"column":73}},"type":"binary-expr","locations":[{"start":{"line":24,"column":42},"end":{"line":24,"column":54}},{"start":{"line":24,"column":58},"end":{"line":24,"column":73}}],"line":24},"17":{"loc":{"start":{"line":25,"column":20},"end":{"line":25,"column":106}},"type":"if","locations":[{"start":{"line":25,"column":20},"end":{"line":25,"column":106}},{"start":{"line":25,"column":20},"end":{"line":25,"column":106}}],"line":25},"18":{"loc":{"start":{"line":25,"column":24},"end":{"line":25,"column":77}},"type":"binary-expr","locations":[{"start":{"line":25,"column":24},"end":{"line":25,"column":35}},{"start":{"line":25,"column":40},"end":{"line":25,"column":42}},{"start":{"line":25,"column":47},"end":{"line":25,"column":59}},{"start":{"line":25,"column":63},"end":{"line":25,"column":75}}],"line":25},"19":{"loc":{"start":{"line":26,"column":20},"end":{"line":26,"column":89}},"type":"if","locations":[{"start":{"line":26,"column":20},"end":{"line":26,"column":89}},{"start":{"line":26,"column":20},"end":{"line":26,"column":89}}],"line":26},"20":{"loc":{"start":{"line":26,"column":24},"end":{"line":26,"column":53}},"type":"binary-expr","locations":[{"start":{"line":26,"column":24},"end":{"line":26,"column":35}},{"start":{"line":26,"column":39},"end":{"line":26,"column":53}}],"line":26},"21":{"loc":{"start":{"line":27,"column":20},"end":{"line":27,"column":87}},"type":"if","locations":[{"start":{"line":27,"column":20},"end":{"line":27,"column":87}},{"start":{"line":27,"column":20},"end":{"line":27,"column":87}}],"line":27},"22":{"loc":{"start":{"line":27,"column":24},"end":{"line":27,"column":43}},"type":"binary-expr","locations":[{"start":{"line":27,"column":24},"end":{"line":27,"column":25}},{"start":{"line":27,"column":29},"end":{"line":27,"column":43}}],"line":27},"23":{"loc":{"start":{"line":28,"column":20},"end":{"line":28,"column":42}},"type":"if","locations":[{"start":{"line":28,"column":20},"end":{"line":28,"column":42}},{"start":{"line":28,"column":20},"end":{"line":28,"column":42}}],"line":28},"24":{"loc":{"start":{"line":33,"column":8},"end":{"line":33,"column":35}},"type":"if","locations":[{"start":{"line":33,"column":8},"end":{"line":33,"column":35}},{"start":{"line":33,"column":8},"end":{"line":33,"column":35}}],"line":33},"25":{"loc":{"start":{"line":33,"column":52},"end":{"line":33,"column":74}},"type":"cond-expr","locations":[{"start":{"line":33,"column":60},"end":{"line":33,"column":65}},{"start":{"line":33,"column":68},"end":{"line":33,"column":74}}],"line":33}},"s":{"0":1,"1":2,"2":0,"3":0,"4":0,"5":0,"6":0,"7":0,"8":2,"9":0,"10":2,"11":1,"12":2,"13":0,"14":0,"15":0,"16":2,"17":0,"18":6,"19":2,"20":2,"21":0,"22":2,"23":4,"24":4,"25":0,"26":4,"27":0,"28":4,"29":2,"30":2,"31":0,"32":0,"33":0,"34":0,"35":0,"36":0,"37":0,"38":0,"39":0,"40":2,"41":2,"42":2,"43":0,"44":0,"45":0,"46":0,"47":0,"48":0,"49":0,"50":0,"51":0,"52":0,"53":0,"54":0,"55":0,"56":0,"57":0,"58":2,"59":0,"60":0,"61":4,"62":2,"63":0,"64":2,"65":1,"66":1,"67":1,"68":1,"69":1,"70":1,"71":1,"72":1,"73":1,"74":1,"75":1,"76":1,"77":1,"78":1,"79":1,"80":1,"81":1,"82":1,"83":1,"84":1,"85":1,"86":1,"87":1,"88":1,"89":1,"90":1,"91":1,"92":1,"93":1,"94":1,"95":1,"96":1,"97":1,"98":1,"99":1,"100":1,"101":1,"102":1,"103":1,"104":1,"105":1,"106":1,"107":1,"108":1,"109":1,"110":1,"111":1,"112":1,"113":1},"f":{"0":2,"1":2,"2":0,"3":0,"4":2,"5":0,"6":2,"7":0,"8":0,"9":6,"10":2,"11":2,"12":1,"13":1,"14":1,"15":1,"16":1,"17":1,"18":1,"19":1,"20":1,"21":1,"22":1,"23":1,"24":1},"b":{"0":[1,0,1],"1":[2,2],"2":[2,0],"3":[2,2],"4":[1,0,1],"5":[0,0],"6":[2,2],"7":[0,2],"8":[0,4],"9":[4,0,0],"10":[0,0],"11":[0,0],"12":[0,4],"13":[2,2,0,0,0,2],"14":[2,0],"15":[2,2,2],"16":[2,0],"17":[0,0],"18":[0,0,0,0],"19":[0,0],"20":[0,0],"21":[0,0],"22":[0,0],"23":[0,0],"24":[0,2],"25":[2,0]},"inputSourceMap":{"version":3,"file":"es-mapping.spec.js","sourceRoot":"","sources":["es-mapping.spec.ts"],"names":[],"mappings":";;;;;;;;;;;;;;;;;;;;;;;;;;;;;;;;;;;AAAA,iBAqEA;AArEA,OAAO,kBAAkB,CAAC;AAC1B,OAAO,2BAA2B,CAAC;AACnC,OAAO,EAAE,gBAAgB,EAAE,MAAM,sBAAsB,CAAC;AAExD,QAAQ,CAAC,iBAAiB,EAAE;IAE1B,EAAE,CAAC,4CAA4C,EAAE;QAC/C,IAAM,QAAQ,GAAG,gBAAgB,CAAC,WAAW,EAAE,CAAC,iBAAiB,CAAC,YAAY,CAAC,CAAC;QAChF,MAAM,CAAC,QAAQ,CAAC,CAAC,WAAW,EAAE,CAAC;IACjC,CAAC,CAAC,CAAC;IAEH,EAAE,CAAC,yCAAyC,EAAE;QAC5C,IAAM,QAAQ,GAAG,gBAAgB,CAAC,WAAW,EAAE,CAAC,kBAAkB,CAAC,QAAQ,CAAC,CAAC;QAC7E,MAAM,CAAC,QAAQ,CAAC,CAAC,WAAW,EAAE,CAAC;IACjC,CAAC,CAAC,CAAC;IAEH,EAAE
[...]
,"C:\\workspace\\WS\\WS_ES_MAPPING_TS\\src\\test\\resources\\object.entity.ts": {"path":"C:\\workspace\\WS\\WS_ES_MAPPING_TS\\src\\test\\resources\\object.entity.ts","statementMap":{"0":{"start":{"line":1,"column":17},"end":{"line":6,"column":1}},"1":{"start":{"line":2,"column":12},"end":{"line":2,"column":28}},"2":{"start":{"line":2,"column":34},"end":{"line":2,"column":125}},"3":{"start":{"line":3,"column":4},"end":{"line":4,"column":150}},"4":{"start":{"line":3,"column":79},"end":{"line":3,"column":131}},"5":{"start":{"line":4,"column":9},"end":{"line":4,"column":150}},"6":{"start":{"line":4,"column":58},"end":{"line":4,"column":150}},"7":{"start":{"line":4,"column":81},"end":{"line":4,"column":150}},"8":{"start":{"line":5,"column":4},"end":{"line":5,"column":66}},"9":{"start":{"line":7,"column":17},"end":{"line":9,"column":1}},"10":{"start":{"line":8,"column":4},"end":{"line":8,"column":109}},"11":{"start":{"line":8,"column":79},"end":{"line":8,"column":109}},"12":{"start":{"line":11,"column":34},"end":{"line":31,"column":3}},"13":{"start":{"line":14,"column":4},"end":{"line":20,"column":47}},"14":{"start":{"line":21,"column":4},"end":{"line":26,"column":46}},"15":{"start":{"line":27,"column":4},"end":{"line":29,"column":21}},"16":{"start":{"line":30,"column":4},"end":{"line":30,"column":24}}},"fnMap":{"0":{"name":"(anonymous_0)","decl":{"start":{"line":1,"column":46},"end":{"line":1,"column":47}},"loc":{"start":{"line":1,"column":87},"end":{"line":6,"column":1}},"line":1},"1":{"name":"(anonymous_1)","decl":{"start":{"line":7,"column":46},"end":{"line":7,"column":47}},"loc":{"start":{"line":7,"column":62},"end":{"line":9,"column":1}},"line":7},"2":{"name":"(anonymous_2)","decl":{"start":{"line":11,"column":34},"end":{"line":11,"column":35}},"loc":{"start":{"line":11,"column":46},"end":{"line":31,"column":1}},"line":11},"3":{"name":"ObjectEntity","decl":{"start":{"line":12,"column":13},"end":{"line":12,"column":25}},"loc":{"start":{"line":12,"column":28},"end":{"line":13,"column":5}},"line":12}},"branchMap":{"0":{"loc":{"start":{"line":1,"column":17},"end":{"line":6,"column":1}},"type":"binary-expr","locations":[{"start":{"line":1,"column":18},"end":{"line":1,"column":22}},{"start":{"line":1,"column":26},"end":{"line":1,"column":41}},{"start":{"line":1,"column":46},"end":{"line":6,"column":1}}],"line":1},"1":{"loc":{"start":{"line":2,"column":34},"end":{"line":2,"column":125}},"type":"cond-expr","locations":[{"start":{"line":2,"column":42},"end":{"line":2,"column":48}},{"start":{"line":2,"column":51},"end":{"line":2,"column":125}}],"line":2},"2":{"loc":{"start":{"line":2,"column":51},"end":{"line":2,"column":125}},"type":"cond-expr","locations":[{"start":{"line":2,"column":67},"end":{"line":2,"column":118}},{"start":{"line":2,"column":121},"end":{"line":2,"column":125}}],"line":2},"3":{"loc":{"start":{"line":3,"column":4},"end":{"line":4,"column":150}},"type":"if","locations":[{"start":{"line":3,"column":4},"end":{"line":4,"column":150}},{"start":{"line":3,"column":4},"end":{"line":4,"column":150}}],"line":3},"4":{"loc":{"start":{"line":3,"column":8},"end":{"line":3,"column":77}},"type":"binary-expr","locations":[{"start":{"line":3,"column":8},"end":{"line":3,"column":35}},{"start":{"line":3,"column":39},"end":{"line":3,"column":77}}],"line":3},"5":{"loc":{"start":{"line":4,"column":58},"end":{"line":4,"column":150}},"type":"if","locations":[{"start":{"line":4,"column":58},"end":{"line":4,"column":150}},{"start":{"line":4,"column":58},"end":{"line":4,"column":150}}],"line":4},"6":{"loc":{"start":{"line":4,"column":85},"end":{"line":4,"column":149}},"type":"binary-expr","locations":[{"start":{"line":4,"column":86},"end":{"line":4,"column":143}},{"start":{"line":4,"column":148},"end":{"line":4,"column":149}}],"line":4},"7":{"loc":{"start":{"line":4,"column":86},"end":{"line":4,"column":143}},"type":"cond-expr","locations":[{"start":{"line":4,"column":94},"end":{"line":4,"column":98}},{"start":{"line":4,"column":101},"end":{"line":4,"column":143}}],"line":4},"8":{"loc":{"start":{"line":4,"column":101},"end":{"line":4,"column":143}},"type":"cond-expr","locations":[{"start":{"line":4,"column":109},"end":{"line":4,"column":126}},{"start":{"line":4,"column":129},"end":{"line":4,"column":143}}],"line":4},"9":{"loc":{"start":{"line":5,"column":11},"end":{"line":5,"column":62}},"type":"binary-expr","locations":[{"start":{"line":5,"column":11},"end":{"line":5,"column":16}},{"start":{"line":5,"column":20},"end":{"line":5,"column":21}},{"start":{"line":5,"column":25},"end":{"line":5,"column":62}}],"line":5},"10":{"loc":{"start":{"line":7,"column":17},"end":{"line":9,"column":1}},"type":"binary-expr","locations":[{"start":{"line":7,"column":18},"end":{"line":7,"column":22}},{"start":{"line":7,"column":26},"end":{"line":7,"column":41}},{"start":{"line":7,"column":46},"end":{"line":9,"column":1}}],"line":7},"11":{"loc":{"start":{"line":8,"column":4},"end":{"line":8,"column":109}},"type":"if","locations":[{"start":{"line":8,"column":4},"end":{"line":8,"column":109}},{"start":{"line":8,"column":4},"end":{"line":8,"column":109}}],"line":8},"12":{"loc":{"start":{"line":8,"column":8},"end":{"line":8,"column":77}},"type":"binary-expr","locations":[{"start":{"line":8,"column":8},"end":{"line":8,"column":35}},{"start":{"line":8,"column":39},"end":{"line":8,"column":77}}],"line":8}},"s":{"0":1,"1":3,"2":3,"3":3,"4":3,"5":0,"6":0,"7":0,"8":3,"9":1,"10":2,"11":2,"12":1,"13":1,"14":1,"15":1,"16":1},"f":{"0":3,"1":2,"2":1,"3":0},"b":{"0":[1,0,1],"1":[1,2],"2":[0,2],"3":[3,0],"4":[3,3],"5":[0,0],"6":[0,0],"7":[0,0],"8":[0,0],"9":[3,2,0],"10":[1,0,1],"11":[2,0],"12":[2,2]},"inputSourceMap":{"version":3,"file":"object.entity.js","sourceRoot":"","sources":["object.entity.ts"],"names":[],"mappings":";;;;;;;;;AAAA,OAAO,EAAE,QAAQ,EAAE,OAAO,EAAE,MAAM,yBAAyB,CAAC;AAG5D;IAAA;IAYA,CAAC;IANC;QAJC,OAAO,CAAC;YACP,IAAI,EAAE,MAAM;YACZ,QAAQ,EAAG,YAAY;SACxB,CAAC;;8CACW;IAKb;QAHC,OAAO,CAAC;YACP,IAAI,EAAE,SAAS;SAChB,CAAC;;6CACU;IAXD,YAAY;QADxB,QAAQ,EAAE;OACE,YAAY,CAYxB;IAAD,mBAAC;CAAA,AAZD,IAYC;SAZY,YAAY","sourcesContent":["import { EsEntity, EsField } from '../../lib/es-mapping-ts';\n\n@EsEntity()\nexport class ObjectEntity {\n\n  @EsField({\n    type: 'text',\n    analyzer : 'whitespace'\n  })\n  name: string;\n\n  @EsField({\n    type: 'integer',\n  })\n  age: number;\n}\n"]},"_coverageSchema":"332fd63041d2c1bcb487cc26dd0d5f7d97098a6c","hash":"debbd76b10e8236636d59fc37586a9d6f6576efd"}
,"C:\\workspace\\WS\\WS_ES_MAPPING_TS\\src\\test\\resources\\wrong-nested.entity.ts": {"path":"C:\\workspace\\WS\\WS_ES_MAPPING_TS\\src\\test\\resources\\wrong-nested.entity.ts","statementMap":{"0":{"start":{"line":1,"column":17},"end":{"line":6,"column":1}},"1":{"start":{"line":2,"column":12},"end":{"line":2,"column":28}},"2":{"start":{"line":2,"column":34},"end":{"line":2,"column":125}},"3":{"start":{"line":3,"column":4},"end":{"line":4,"column":150}},"4":{"start":{"line":3,"column":79},"end":{"line":3,"column":131}},"5":{"start":{"line":4,"column":9},"end":{"line":4,"column":150}},"6":{"start":{"line":4,"column":58},"end":{"line":4,"column":150}},"7":{"start":{"line":4,"column":81},"end":{"line":4,"column":150}},"8":{"start":{"line":5,"column":4},"end":{"line":5,"column":66}},"9":{"start":{"line":7,"column":17},"end":{"line":9,"column":1}},"10":{"start":{"line":8,"column":4},"end":{"line":8,"column":109}},"11":{"start":{"line":8,"column":79},"end":{"line":8,"column":109}},"12":{"start":{"line":12,"column":39},"end":{"line":26,"column":3}},"13":{"start":{"line":15,"column":4},"end":{"line":20,"column":55}},"14":{"start":{"line":21,"column":4},"end":{"line":23,"column":26}},"15":{"start":{"line":24,"column":4},"end":{"line":24,"column":29}}},"fnMap":{"0":{"name":"(anonymous_0)","decl":{"start":{"line":1,"column":46},"end":{"line":1,"column":47}},"loc":{"start":{"line":1,"column":87},"end":{"line":6,"column":1}},"line":1},"1":{"name":"(anonymous_1)","decl":{"start":{"line":7,"column":46},"end":{"line":7,"column":47}},"loc":{"start":{"line":7,"column":62},"end":{"line":9,"column":1}},"line":7},"2":{"name":"(anonymous_2)","decl":{"start":{"line":12,"column":39},"end":{"line":12,"column":40}},"loc":{"start":{"line":12,"column":51},"end":{"line":26,"column":1}},"line":12},"3":{"name":"WrongNestedEntity","decl":{"start":{"line":13,"column":13},"end":{"line":13,"column":30}},"loc":{"start":{"line":13,"column":33},"end":{"line":14,"column":5}},"line":13}},"branchMap":{"0":{"loc":{"start":{"line":1,"column":17},"end":{"line":6,"column":1}},"type":"binary-expr","locations":[{"start":{"line":1,"column":18},"end":{"line":1,"column":22}},{"start":{"line":1,"column":26},"end":{"line":1,"column":41}},{"start":{"line":1,"column":46},"end":{"line":6,"column":1}}],"line":1},"1":{"loc":{"start":{"line":2,"column":34},"end":{"line":2,"column":125}},"type":"cond-expr","locations":[{"start":{"line":2,"column":42},"end":{"line":2,"column":48}},{"start":{"line":2,"column":51},"end":{"line":2,"column":125}}],"line":2},"2":{"loc":{"start":{"line":2,"column":51},"end":{"line":2,"column":125}},"type":"cond-expr","locations":[{"start":{"line":2,"column":67},"end":{"line":2,"column":118}},{"start":{"line":2,"column":121},"end":{"line":2,"column":125}}],"line":2},"3":{"loc":{"start":{"line":3,"column":4},"end":{"line":4,"column":150}},"type":"if","locations":[{"start":{"line":3,"column":4},"end":{"line":4,"column":150}},{"start":{"line":3,"column":4},"end":{"line":4,"column":150}}],"line":3},"4":{"loc":{"start":{"line":3,"column":8},"end":{"line":3,"column":77}},"type":"binary-expr","locations":[{"start":{"line":3,"column":8},"end":{"line":3,"column":35}},{"start":{"line":3,"column":39},"end":{"line":3,"column":77}}],"line":3},"5":{"loc":{"start":{"line":4,"column":58},"end":{"line":4,"column":150}},"type":"if","locations":[{"start":{"line":4,"column":58},"end":{"line":4,"column":150}},{"start":{"line":4,"column":58},"end":{"line":4,"column":150}}],"line":4},"6":{"loc":{"start":{"line":4,"column":85},"end":{"line":4,"column":149}},"type":"binary-expr","locations":[{"start":{"line":4,"column":86},"end":{"line":4,"column":143}},{"start":{"line":4,"column":148},"end":{"line":4,"column":149}}],"line":4},"7":{"loc":{"start":{"line":4,"column":86},"end":{"line":4,"column":143}},"type":"cond-expr","locations":[{"start":{"line":4,"column":94},"end":{"line":4,"column":98}},{"start":{"line":4,"column":101},"end":{"line":4,"column":143}}],"line":4},"8":{"loc":{"start":{"line":4,"column":101},"end":{"line":4,"column":143}},"type":"cond-expr","locations":[{"start":{"line":4,"column":109},"end":{"line":4,"column":126}},{"start":{"line":4,"column":129},"end":{"line":4,"column":143}}],"line":4},"9":{"loc":{"start":{"line":5,"column":11},"end":{"line":5,"column":62}},"type":"binary-expr","locations":[{"start":{"line":5,"column":11},"end":{"line":5,"column":16}},{"start":{"line":5,"column":20},"end":{"line":5,"column":21}},{"start":{"line":5,"column":25},"end":{"line":5,"column":62}}],"line":5},"10":{"loc":{"start":{"line":7,"column":17},"end":{"line":9,"column":1}},"type":"binary-expr","locations":[{"start":{"line":7,"column":18},"end":{"line":7,"column":22}},{"start":{"line":7,"column":26},"end":{"line":7,"column":41}},{"start":{"line":7,"column":46},"end":{"line":9,"column":1}}],"line":7},"11":{"loc":{"start":{"line":8,"column":4},"end":{"line":8,"column":109}},"type":"if","locations":[{"start":{"line":8,"column":4},"end":{"line":8,"column":109}},{"start":{"line":8,"column":4},"end":{"line":8,"column":109}}],"line":8},"12":{"loc":{"start":{"line":8,"column":8},"end":{"line":8,"column":77}},"type":"binary-expr","locations":[{"start":{"line":8,"column":8},"end":{"line":8,"column":35}},{"start":{"line":8,"column":39},"end":{"line":8,"column":77}}],"line":8},"13":{"loc":{"start":{"line":19,"column":34},"end":{"line":19,"column":130}},"type":"binary-expr","locations":[{"start":{"line":19,"column":34},"end":{"line":19,"column":114}},{"start":{"line":19,"column":118},"end":{"line":19,"column":120}},{"start":{"line":19,"column":124},"end":{"line":19,"column":130}}],"line":19},"14":{"loc":{"start":{"line":19,"column":47},"end":{"line":19,"column":98}},"type":"binary-expr","locations":[{"start":{"line":19,"column":47},"end":{"line":19,"column":82}},{"start":{"line":19,"column":86},"end":{"line":19,"column":98}}],"line":19}},"s":{"0":1,"1":1,"2":1,"3":1,"4":1,"5":0,"6":0,"7":0,"8":0,"9":1,"10":1,"11":1,"12":1,"13":1,"14":0,"15":0},"f":{"0":1,"1":1,"2":1,"3":0},"b":{"0":[1,0,1],"1":[0,1],"2":[0,1],"3":[1,0],"4":[1,1],"5":[0,0],"6":[0,0],"7":[0,0],"8":[0,0],"9":[0,0,0],"10":[1,0,1],"11":[1,0],"12":[1,1],"13":[1,1,0],"14":[1,1]},"inputSourceMap":{"version":3,"file":"wrong-nested.entity.js","sourceRoot":"","sources":["wrong-nested.entity.ts"],"names":[],"mappings":";;;;;;;;;AAAA,OAAO,EAAE,QAAQ,EAAE,OAAO,EAAE,MAAM,yBAAyB,CAAC;AAC5D,OAAO,EAAE,YAAY,EAAE,MAAM,iBAAiB,CAAC;AAG/C;IAAA;IAMA,CAAC;IADC;QAHC,OAAO,CAAC;YACP,IAAI,EAAE,QAAQ;SACf,CAAC;sDACO,YAAY,oBAAZ,YAAY;sDAAC;IALX,iBAAiB;QAD7B,QAAQ,EAAE;OACE,iBAAiB,CAM7B;IAAD,wBAAC;;CAAA,AAND,IAMC;SANY,iBAAiB","sourcesContent":["import { EsEntity, EsField } from '../../lib/es-mapping-ts';\nimport { NestedEntity } from './nested.entity';\n\n@EsEntity()\nexport class WrongNestedEntity {\n\n  @EsField({\n    type: 'nested'\n  })\n  nesteds: NestedEntity;\n}\n"]},"_coverageSchema":"332fd63041d2c1bcb487cc26dd0d5f7d97098a6c","hash":"7bc698426dbfd8157b907a8485807d7be08132c8"}
,"C:\\workspace\\WS\\WS_ES_MAPPING_TS\\src\\test\\resources\\wrong-relation.entity.ts": {"path":"C:\\workspace\\WS\\WS_ES_MAPPING_TS\\src\\test\\resources\\wrong-relation.entity.ts","statementMap":{"0":{"start":{"line":1,"column":17},"end":{"line":6,"column":1}},"1":{"start":{"line":2,"column":12},"end":{"line":2,"column":28}},"2":{"start":{"line":2,"column":34},"end":{"line":2,"column":125}},"3":{"start":{"line":3,"column":4},"end":{"line":4,"column":150}},"4":{"start":{"line":3,"column":79},"end":{"line":3,"column":131}},"5":{"start":{"line":4,"column":9},"end":{"line":4,"column":150}},"6":{"start":{"line":4,"column":58},"end":{"line":4,"column":150}},"7":{"start":{"line":4,"column":81},"end":{"line":4,"column":150}},"8":{"start":{"line":5,"column":4},"end":{"line":5,"column":66}},"9":{"start":{"line":7,"column":17},"end":{"line":9,"column":1}},"10":{"start":{"line":8,"column":4},"end":{"line":8,"column":109}},"11":{"start":{"line":8,"column":79},"end":{"line":8,"column":109}},"12":{"start":{"line":11,"column":41},"end":{"line":24,"column":3}},"13":{"start":{"line":14,"column":4},"end":{"line":19,"column":59}},"14":{"start":{"line":20,"column":4},"end":{"line":22,"column":28}},"15":{"start":{"line":23,"column":4},"end":{"line":23,"column":31}}},"fnMap":{"0":{"name":"(anonymous_0)","decl":{"start":{"line":1,"column":46},"end":{"line":1,"column":47}},"loc":{"start":{"line":1,"column":87},"end":{"line":6,"column":1}},"line":1},"1":{"name":"(anonymous_1)","decl":{"start":{"line":7,"column":46},"end":{"line":7,"column":47}},"loc":{"start":{"line":7,"column":62},"end":{"line":9,"column":1}},"line":7},"2":{"name":"(anonymous_2)","decl":{"start":{"line":11,"column":41},"end":{"line":11,"column":42}},"loc":{"start":{"line":11,"column":53},"end":{"line":24,"column":1}},"line":11},"3":{"name":"WrongRelationEntity","decl":{"start":{"line":12,"column":13},"end":{"line":12,"column":32}},"loc":{"start":{"line":12,"column":35},"end":{"line":13,"column":5}},"line":12}},"branchMap":{"0":{"loc":{"start":{"line":1,"column":17},"end":{"line":6,"column":1}},"type":"binary-expr","locations":[{"start":{"line":1,"column":18},"end":{"line":1,"column":22}},{"start":{"line":1,"column":26},"end":{"line":1,"column":41}},{"start":{"line":1,"column":46},"end":{"line":6,"column":1}}],"line":1},"1":{"loc":{"start":{"line":2,"column":34},"end":{"line":2,"column":125}},"type":"cond-expr","locations":[{"start":{"line":2,"column":42},"end":{"line":2,"column":48}},{"start":{"line":2,"column":51},"end":{"line":2,"column":125}}],"line":2},"2":{"loc":{"start":{"line":2,"column":51},"end":{"line":2,"column":125}},"type":"cond-expr","locations":[{"start":{"line":2,"column":67},"end":{"line":2,"column":118}},{"start":{"line":2,"column":121},"end":{"line":2,"column":125}}],"line":2},"3":{"loc":{"start":{"line":3,"column":4},"end":{"line":4,"column":150}},"type":"if","locations":[{"start":{"line":3,"column":4},"end":{"line":4,"column":150}},{"start":{"line":3,"column":4},"end":{"line":4,"column":150}}],"line":3},"4":{"loc":{"start":{"line":3,"column":8},"end":{"line":3,"column":77}},"type":"binary-expr","locations":[{"start":{"line":3,"column":8},"end":{"line":3,"column":35}},{"start":{"line":3,"column":39},"end":{"line":3,"column":77}}],"line":3},"5":{"loc":{"start":{"line":4,"column":58},"end":{"line":4,"column":150}},"type":"if","locations":[{"start":{"line":4,"column":58},"end":{"line":4,"column":150}},{"start":{"line":4,"column":58},"end":{"line":4,"column":150}}],"line":4},"6":{"loc":{"start":{"line":4,"column":85},"end":{"line":4,"column":149}},"type":"binary-expr","locations":[{"start":{"line":4,"column":86},"end":{"line":4,"column":143}},{"start":{"line":4,"column":148},"end":{"line":4,"column":149}}],"line":4},"7":{"loc":{"start":{"line":4,"column":86},"end":{"line":4,"column":143}},"type":"cond-expr","locations":[{"start":{"line":4,"column":94},"end":{"line":4,"column":98}},{"start":{"line":4,"column":101},"end":{"line":4,"column":143}}],"line":4},"8":{"loc":{"start":{"line":4,"column":101},"end":{"line":4,"column":143}},"type":"cond-expr","locations":[{"start":{"line":4,"column":109},"end":{"line":4,"column":126}},{"start":{"line":4,"column":129},"end":{"line":4,"column":143}}],"line":4},"9":{"loc":{"start":{"line":5,"column":11},"end":{"line":5,"column":62}},"type":"binary-expr","locations":[{"start":{"line":5,"column":11},"end":{"line":5,"column":16}},{"start":{"line":5,"column":20},"end":{"line":5,"column":21}},{"start":{"line":5,"column":25},"end":{"line":5,"column":62}}],"line":5},"10":{"loc":{"start":{"line":7,"column":17},"end":{"line":9,"column":1}},"type":"binary-expr","locations":[{"start":{"line":7,"column":18},"end":{"line":7,"column":22}},{"start":{"line":7,"column":26},"end":{"line":7,"column":41}},{"start":{"line":7,"column":46},"end":{"line":9,"column":1}}],"line":7},"11":{"loc":{"start":{"line":8,"column":4},"end":{"line":8,"column":109}},"type":"if","locations":[{"start":{"line":8,"column":4},"end":{"line":8,"column":109}},{"start":{"line":8,"column":4},"end":{"line":8,"column":109}}],"line":8},"12":{"loc":{"start":{"line":8,"column":8},"end":{"line":8,"column":77}},"type":"binary-expr","locations":[{"start":{"line":8,"column":8},"end":{"line":8,"column":35}},{"start":{"line":8,"column":39},"end":{"line":8,"column":77}}],"line":8}},"s":{"0":1,"1":1,"2":1,"3":1,"4":1,"5":0,"6":0,"7":0,"8":0,"9":1,"10":1,"11":1,"12":1,"13":1,"14":0,"15":0},"f":{"0":1,"1":1,"2":1,"3":0},"b":{"0":[1,0,1],"1":[0,1],"2":[0,1],"3":[1,0],"4":[1,1],"5":[0,0],"6":[0,0],"7":[0,0],"8":[0,0],"9":[0,0,0],"10":[1,0,1],"11":[1,0],"12":[1,1]},"inputSourceMap":{"version":3,"file":"wrong-relation.entity.js","sourceRoot":"","sources":["wrong-relation.entity.ts"],"names":[],"mappings":";;;;;;;;;AAAA,OAAO,EAAE,QAAQ,EAAE,OAAO,EAAE,MAAM,yBAAyB,CAAC;AAG5D;IAAA;IAMA,CAAC;IADC;QAHC,OAAO,CAAC;YACP,IAAI,EAAE,MAAM;SACb,CAAC;kCACS,mBAAmB;0DAAC;IALpB,mBAAmB;QAD/B,QAAQ,EAAE;OACE,mBAAmB,CAM/B;IAAD,0BAAC;CAAA,AAND,IAMC;SANY,mBAAmB","sourcesContent":["import { EsEntity, EsField } from '../../lib/es-mapping-ts';\n\n@EsEntity()\nexport class WrongRelationEntity {\n\n  @EsField({\n    type: 'join'\n  })\n  relations: WrongRelationEntity;\n}\n"]},"_coverageSchema":"332fd63041d2c1bcb487cc26dd0d5f7d97098a6c","hash":"79c355fc6e03b03849be7fc406d5edb693d81b7a"}
}
