TN:
SF:C:\workspace\WS\WS_ES_MAPPING_TS\src\lib\es-mapping-ts\es-entity.decorator.ts
FN:5,(anonymous_0)
FN:6,EsEntityArgs
FN:15,EsEntity
FN:16,(anonymous_3)
FNF:4
FNH:3
FNDA:1,(anonymous_0)
FNDA:0,EsEntityArgs
FNDA:3,EsEntity
FNDA:3,(anonymous_3)
DA:5,1
DA:8,1
DA:16,3
DA:17,3
LF:4
LH:4
BRF:0
BRH:0
end_of_record
TN:
SF:C:\workspace\WS\WS_ES_MAPPING_TS\src\lib\es-mapping-ts\es-field.decorator.ts
FN:6,(anonymous_0)
FN:7,EsFieldArgs
FN:16,EsField
FN:17,(anonymous_3)
FNF:4
FNH:3
FNDA:1,(anonymous_0)
FNDA:0,EsFieldArgs
FNDA:12,EsField
FNDA:12,(anonymous_3)
DA:6,1
DA:9,1
DA:17,12
DA:18,12
DA:19,12
DA:20,1
DA:22,11
DA:23,2
DA:24,1
DA:26,1
DA:27,0
DA:30,10
DA:31,0
DA:32,0
DA:35,10
DA:36,2
DA:38,10
LF:17
LH:14
BRDA:19,0,0,1
BRDA:19,0,1,11
BRDA:19,1,0,12
BRDA:19,1,1,2
BRDA:22,2,0,2
BRDA:22,2,1,9
BRDA:23,3,0,1
BRDA:23,3,1,1
BRDA:23,4,0,2
BRDA:23,4,1,2
BRDA:26,5,0,0
BRDA:26,5,1,1
BRDA:30,6,0,0
BRDA:30,6,1,10
BRDA:30,7,0,10
BRDA:30,7,1,1
BRDA:31,8,0,0
BRDA:31,8,1,0
BRDA:35,9,0,2
BRDA:35,9,1,8
BRF:20
BRH:16
end_of_record
TN:
SF:C:\workspace\WS\WS_ES_MAPPING_TS\src\lib\es-mapping-ts\es-mapping.service.ts
FN:1,(anonymous_0)
FN:2,(anonymous_1)
FN:3,fulfilled
FN:4,rejected
FN:5,step
FN:5,(anonymous_5)
FN:9,(anonymous_6)
FN:10,(anonymous_7)
FN:11,(anonymous_8)
FN:12,verb
FN:12,(anonymous_10)
FN:13,step
FN:42,(anonymous_12)
FN:43,EsMappingService
FN:49,(anonymous_14)
FN:61,(anonymous_15)
FN:81,(anonymous_16)
FN:117,(anonymous_17)
FN:123,(anonymous_18)
FN:124,(anonymous_19)
FN:131,(anonymous_20)
FN:138,(anonymous_21)
FN:149,(anonymous_22)
FN:150,(anonymous_23)
FN:162,(anonymous_24)
FN:163,(anonymous_25)
FN:174,(anonymous_26)
FN:175,(anonymous_27)
FN:182,(anonymous_28)
FN:183,(anonymous_29)
FN:186,(anonymous_30)
FN:190,(anonymous_31)
FN:190,(anonymous_32)
FN:192,(anonymous_33)
FNF:34
FNH:10
FNDA:0,(anonymous_0)
FNDA:0,(anonymous_1)
FNDA:0,fulfilled
FNDA:0,rejected
FNDA:0,step
FNDA:0,(anonymous_5)
FNDA:0,(anonymous_6)
FNDA:0,(anonymous_7)
FNDA:0,(anonymous_8)
FNDA:0,verb
FNDA:0,(anonymous_10)
FNDA:0,step
FNDA:1,(anonymous_12)
FNDA:1,EsMappingService
FNDA:19,(anonymous_14)
FNDA:3,(anonymous_15)
FNDA:10,(anonymous_16)
FNDA:0,(anonymous_17)
FNDA:0,(anonymous_18)
FNDA:0,(anonymous_19)
FNDA:0,(anonymous_20)
FNDA:1,(anonymous_21)
FNDA:4,(anonymous_22)
FNDA:11,(anonymous_23)
FNDA:1,(anonymous_24)
FNDA:3,(anonymous_25)
FNDA:0,(anonymous_26)
FNDA:0,(anonymous_27)
FNDA:0,(anonymous_28)
FNDA:0,(anonymous_29)
FNDA:0,(anonymous_30)
FNDA:0,(anonymous_31)
FNDA:0,(anonymous_32)
FNDA:0,(anonymous_33)
DA:1,1
DA:2,0
DA:3,0
DA:4,0
DA:5,0
DA:6,0
DA:9,1
DA:10,0
DA:11,0
DA:12,0
DA:14,0
DA:15,0
DA:16,0
DA:17,0
DA:18,0
DA:19,0
DA:20,0
DA:21,0
DA:22,0
DA:24,0
DA:25,0
DA:26,0
DA:27,0
DA:28,0
DA:29,0
DA:31,0
DA:32,0
DA:33,0
DA:42,1
DA:44,1
DA:49,1
DA:50,19
DA:51,1
DA:52,1
DA:54,19
DA:61,1
DA:62,3
DA:63,3
DA:64,3
DA:65,0
DA:66,0
DA:68,3
DA:69,2
DA:70,2
DA:71,2
DA:73,3
DA:81,1
DA:82,10
DA:83,10
DA:84,10
DA:85,3
DA:86,3
DA:87,3
DA:89,10
DA:90,10
DA:91,10
DA:92,2
DA:93,2
DA:94,2
DA:95,2
DA:99,8
DA:101,10
DA:104,10
DA:105,10
DA:108,0
DA:111,0
DA:117,1
DA:118,0
DA:123,1
DA:124,0
DA:125,0
DA:131,1
DA:132,0
DA:138,1
DA:139,1
DA:140,1
DA:141,1
DA:143,0
DA:149,1
DA:150,4
DA:151,11
DA:153,4
DA:154,3
DA:156,1
DA:162,1
DA:163,1
DA:164,3
DA:166,1
DA:167,1
DA:169,0
DA:174,1
DA:175,0
DA:176,0
DA:182,1
DA:183,0
DA:184,0
DA:186,0
DA:187,0
DA:189,0
DA:190,0
DA:192,0
DA:193,0
DA:195,0
DA:196,0
DA:197,0
DA:199,0
DA:200,0
DA:202,0
DA:203,0
DA:205,0
DA:208,0
DA:210,0
DA:213,0
DA:214,0
DA:217,0
DA:220,0
DA:221,0
DA:222,0
DA:227,0
DA:228,0
DA:233,1
LF:121
LH:57
BRDA:1,0,0,1
BRDA:1,0,1,0
BRDA:1,0,2,1
BRDA:2,1,0,0
BRDA:2,1,1,0
BRDA:5,2,0,0
BRDA:5,2,1,0
BRDA:6,3,0,0
BRDA:6,3,1,0
BRDA:9,4,0,1
BRDA:9,4,1,0
BRDA:9,4,2,1
BRDA:10,5,0,0
BRDA:10,5,1,0
BRDA:11,6,0,0
BRDA:11,6,1,0
BRDA:14,7,0,0
BRDA:14,7,1,0
BRDA:16,8,0,0
BRDA:16,8,1,0
BRDA:16,9,0,0
BRDA:16,9,1,0
BRDA:16,9,2,0
BRDA:16,10,0,0
BRDA:16,10,1,0
BRDA:16,11,0,0
BRDA:16,11,1,0
BRDA:17,12,0,0
BRDA:17,12,1,0
BRDA:18,13,0,0
BRDA:18,13,1,0
BRDA:18,13,2,0
BRDA:18,13,3,0
BRDA:18,13,4,0
BRDA:18,13,5,0
BRDA:24,14,0,0
BRDA:24,14,1,0
BRDA:24,15,0,0
BRDA:24,15,1,0
BRDA:24,15,2,0
BRDA:24,16,0,0
BRDA:24,16,1,0
BRDA:25,17,0,0
BRDA:25,17,1,0
BRDA:25,18,0,0
BRDA:25,18,1,0
BRDA:25,18,2,0
BRDA:25,18,3,0
BRDA:26,19,0,0
BRDA:26,19,1,0
BRDA:26,20,0,0
BRDA:26,20,1,0
BRDA:27,21,0,0
BRDA:27,21,1,0
BRDA:27,22,0,0
BRDA:27,22,1,0
BRDA:28,23,0,0
BRDA:28,23,1,0
BRDA:33,24,0,0
BRDA:33,24,1,0
BRDA:33,25,0,0
BRDA:33,25,1,0
BRDA:50,26,0,1
BRDA:50,26,1,18
BRDA:64,27,0,0
BRDA:64,27,1,3
BRDA:68,28,0,2
BRDA:68,28,1,1
BRDA:84,29,0,3
BRDA:84,29,1,7
BRDA:90,30,0,10
BRDA:90,30,1,0
BRDA:91,31,0,2
BRDA:91,31,1,8
BRDA:91,32,0,10
BRDA:91,32,1,9
BRDA:94,33,0,2
BRDA:94,33,1,0
BRDA:104,34,0,10
BRDA:104,34,1,10
BRDA:140,35,0,1
BRDA:140,35,1,0
BRDA:153,36,0,3
BRDA:153,36,1,1
BRDA:166,37,0,1
BRDA:166,37,1,0
BRDA:187,38,0,0
BRDA:187,38,1,0
BRDA:193,39,0,0
BRDA:193,39,1,0
BRDA:193,39,2,0
BRDA:193,39,3,0
BRDA:193,39,4,0
BRDA:193,39,5,0
BRDA:193,39,6,0
BRDA:195,40,0,0
BRDA:195,40,1,0
BRDA:197,41,0,0
BRDA:197,41,1,0
BRDA:203,42,0,0
BRDA:203,42,1,0
BRF:101
BRH:23
end_of_record
TN:
SF:C:\workspace\WS\WS_ES_MAPPING_TS\src\lib\es-mapping-ts\es-mapping.ts
FN:4,(anonymous_0)
FN:5,EsMapping
FN:14,(anonymous_2)
FN:15,InternalEsMapping
FN:19,(anonymous_4)
FN:26,(anonymous_5)
FNF:6
FNH:6
FNDA:1,(anonymous_0)
FNDA:3,EsMapping
FNDA:1,(anonymous_2)
FNDA:3,InternalEsMapping
FNDA:6,(anonymous_4)
FNDA:10,(anonymous_5)
DA:4,1
DA:6,3
DA:8,1
DA:14,1
DA:16,3
DA:17,3
DA:19,1
DA:20,6
DA:21,0
DA:23,6
DA:24,6
DA:26,1
DA:27,10
DA:28,10
DA:30,1
LF:15
LH:14
BRDA:20,0,0,0
BRDA:20,0,1,6
BRF:2
BRH:1
end_of_record
TN:
SF:C:\workspace\WS\WS_ES_MAPPING_TS\src\lib\es-mapping-ts\index.ts
FNF:0
FNH:0
LF:0
LH:0
BRF:0
BRH:0
end_of_record
TN:
SF:C:\workspace\WS\WS_ES_MAPPING_TS\src\test\es-mapping.spec.ts
FN:1,(anonymous_0)
FN:2,(anonymous_1)
FN:3,fulfilled
FN:4,rejected
FN:5,step
FN:5,(anonymous_5)
FN:9,(anonymous_6)
FN:10,(anonymous_7)
FN:11,(anonymous_8)
FN:12,verb
FN:12,(anonymous_10)
FN:13,step
FN:40,(anonymous_12)
FN:41,(anonymous_13)
FN:45,(anonymous_14)
FN:49,(anonymous_15)
FN:53,(anonymous_16)
FN:57,(anonymous_17)
FN:61,(anonymous_18)
FN:78,(anonymous_19)
FN:78,(anonymous_20)
FN:79,(anonymous_21)
FN:90,(anonymous_22)
FN:90,(anonymous_23)
FN:91,(anonymous_24)
FNF:25
FNH:20
FNDA:2,(anonymous_0)
FNDA:2,(anonymous_1)
FNDA:0,fulfilled
FNDA:0,rejected
FNDA:2,step
FNDA:0,(anonymous_5)
FNDA:2,(anonymous_6)
FNDA:0,(anonymous_7)
FNDA:0,(anonymous_8)
FNDA:6,verb
FNDA:2,(anonymous_10)
FNDA:2,step
FNDA:1,(anonymous_12)
FNDA:1,(anonymous_13)
FNDA:1,(anonymous_14)
FNDA:1,(anonymous_15)
FNDA:1,(anonymous_16)
FNDA:1,(anonymous_17)
FNDA:1,(anonymous_18)
FNDA:1,(anonymous_19)
FNDA:1,(anonymous_20)
FNDA:1,(anonymous_21)
FNDA:1,(anonymous_22)
FNDA:1,(anonymous_23)
FNDA:1,(anonymous_24)
DA:1,1
DA:2,2
DA:3,0
DA:4,0
DA:5,2
DA:6,2
DA:9,1
DA:10,2
DA:11,2
DA:12,6
DA:14,2
DA:15,4
DA:16,4
DA:17,4
DA:18,4
DA:19,2
DA:20,0
DA:21,0
DA:22,0
DA:24,2
DA:25,0
DA:26,0
DA:27,0
DA:28,0
DA:29,0
DA:31,2
DA:32,4
DA:33,2
DA:36,1
DA:40,1
DA:41,1
DA:42,1
DA:43,1
DA:45,1
DA:46,1
DA:47,1
DA:49,1
DA:50,1
DA:51,1
DA:53,1
DA:54,1
DA:55,1
DA:57,1
DA:58,1
DA:59,1
DA:61,1
DA:62,1
DA:63,1
DA:64,1
DA:65,1
DA:66,1
DA:67,1
DA:68,1
DA:69,1
DA:70,1
DA:71,1
DA:72,1
DA:73,1
DA:74,1
DA:75,1
DA:76,1
DA:78,1
DA:79,1
DA:80,1
DA:81,1
DA:84,1
DA:85,1
DA:87,1
DA:90,1
DA:91,1
DA:92,1
DA:93,1
DA:96,1
DA:97,1
DA:99,1
LF:75
LH:65
BRDA:1,0,0,1
BRDA:1,0,1,0
BRDA:1,0,2,1
BRDA:2,1,0,2
BRDA:2,1,1,2
BRDA:5,2,0,2
BRDA:5,2,1,0
BRDA:6,3,0,2
BRDA:6,3,1,2
BRDA:9,4,0,1
BRDA:9,4,1,0
BRDA:9,4,2,1
BRDA:10,5,0,0
BRDA:10,5,1,0
BRDA:11,6,0,2
BRDA:11,6,1,2
BRDA:14,7,0,0
BRDA:14,7,1,2
BRDA:16,8,0,0
BRDA:16,8,1,4
BRDA:16,9,0,4
BRDA:16,9,1,0
BRDA:16,9,2,0
BRDA:16,10,0,0
BRDA:16,10,1,0
BRDA:16,11,0,0
BRDA:16,11,1,0
BRDA:17,12,0,0
BRDA:17,12,1,4
BRDA:18,13,0,2
BRDA:18,13,1,2
BRDA:18,13,2,0
BRDA:18,13,3,0
BRDA:18,13,4,0
BRDA:18,13,5,2
BRDA:24,14,0,2
BRDA:24,14,1,0
BRDA:24,15,0,2
BRDA:24,15,1,2
BRDA:24,15,2,2
BRDA:24,16,0,2
BRDA:24,16,1,0
BRDA:25,17,0,0
BRDA:25,17,1,0
BRDA:25,18,0,0
BRDA:25,18,1,0
BRDA:25,18,2,0
BRDA:25,18,3,0
BRDA:26,19,0,0
BRDA:26,19,1,0
BRDA:26,20,0,0
BRDA:26,20,1,0
BRDA:27,21,0,0
BRDA:27,21,1,0
BRDA:27,22,0,0
BRDA:27,22,1,0
BRDA:28,23,0,0
BRDA:28,23,1,0
BRDA:33,24,0,0
BRDA:33,24,1,2
BRDA:33,25,0,2
BRDA:33,25,1,0
BRF:62
BRH:25
end_of_record
TN:
SF:C:\workspace\WS\WS_ES_MAPPING_TS\src\test\resources\master.entity.ts
FN:1,(anonymous_0)
FN:7,(anonymous_1)
FN:13,(anonymous_2)
FN:14,MasterEntity
FNF:4
FNH:3
FNDA:7,(anonymous_0)
FNDA:6,(anonymous_1)
FNDA:1,(anonymous_2)
FNDA:0,MasterEntity
DA:1,1
DA:2,7
DA:3,7
DA:4,0
DA:5,7
DA:7,1
DA:8,6
DA:13,1
DA:16,1
DA:22,1
DA:29,1
DA:36,1
DA:43,1
DA:50,1
DA:57,1
DA:63,1
LF:16
LH:15
BRDA:1,0,0,1
BRDA:1,0,1,0
BRDA:1,0,2,1
BRDA:2,1,0,1
BRDA:2,1,1,6
BRDA:2,2,0,0
BRDA:2,2,1,6
BRDA:3,3,0,7
BRDA:3,3,1,0
BRDA:3,4,0,7
BRDA:3,4,1,7
BRDA:4,5,0,0
BRDA:4,5,1,0
BRDA:4,6,0,0
BRDA:4,6,1,0
BRDA:4,7,0,0
BRDA:4,7,1,0
BRDA:4,8,0,0
BRDA:4,8,1,0
BRDA:5,9,0,7
BRDA:5,9,1,6
BRDA:5,9,2,0
BRDA:7,10,0,1
BRDA:7,10,1,0
BRDA:7,10,2,1
BRDA:8,11,0,6
BRDA:8,11,1,0
BRDA:8,12,0,6
BRDA:8,12,1,6
BRF:29
BRH:15
end_of_record
TN:
SF:C:\workspace\WS\WS_ES_MAPPING_TS\src\test\resources\nested.entity.ts
FN:1,(anonymous_0)
FN:7,(anonymous_1)
FN:11,(anonymous_2)
FN:12,NestedEntity
FNF:4
FNH:3
FNDA:3,(anonymous_0)
FNDA:2,(anonymous_1)
FNDA:1,(anonymous_2)
FNDA:0,NestedEntity
DA:1,1
DA:2,3
DA:3,3
DA:4,0
DA:5,3
DA:7,1
DA:8,2
DA:11,1
DA:14,1
DA:20,1
DA:26,1
DA:31,1
LF:12
LH:11
BRDA:1,0,0,1
BRDA:1,0,1,0
BRDA:1,0,2,1
BRDA:2,1,0,1
BRDA:2,1,1,2
BRDA:2,2,0,0
BRDA:2,2,1,2
BRDA:3,3,0,3
BRDA:3,3,1,0
BRDA:3,4,0,3
BRDA:3,4,1,3
BRDA:4,5,0,0
BRDA:4,5,1,0
BRDA:4,6,0,0
BRDA:4,6,1,0
BRDA:4,7,0,0
BRDA:4,7,1,0
BRDA:4,8,0,0
BRDA:4,8,1,0
BRDA:5,9,0,3
BRDA:5,9,1,2
BRDA:5,9,2,0
BRDA:7,10,0,1
BRDA:7,10,1,0
BRDA:7,10,2,1
BRDA:8,11,0,2
BRDA:8,11,1,0
BRDA:8,12,0,2
BRDA:8,12,1,2
BRF:29
BRH:15
end_of_record
TN:
SF:C:\workspace\WS\WS_ES_MAPPING_TS\src\test\resources\object.entity.ts
FN:1,(anonymous_0)
FN:7,(anonymous_1)
FN:11,(anonymous_2)
FN:12,ObjectEntity
FNF:4
FNH:3
FNDA:3,(anonymous_0)
FNDA:2,(anonymous_1)
FNDA:1,(anonymous_2)
FNDA:0,ObjectEntity
DA:1,1
DA:2,3
DA:3,3
DA:4,0
DA:5,3
DA:7,1
DA:8,2
DA:11,1
DA:14,1
DA:21,1
DA:27,1
DA:30,1
LF:12
LH:11
BRDA:1,0,0,1
BRDA:1,0,1,0
BRDA:1,0,2,1
BRDA:2,1,0,1
BRDA:2,1,1,2
BRDA:2,2,0,0
BRDA:2,2,1,2
BRDA:3,3,0,3
BRDA:3,3,1,0
BRDA:3,4,0,3
BRDA:3,4,1,3
BRDA:4,5,0,0
BRDA:4,5,1,0
BRDA:4,6,0,0
BRDA:4,6,1,0
BRDA:4,7,0,0
BRDA:4,7,1,0
BRDA:4,8,0,0
BRDA:4,8,1,0
BRDA:5,9,0,3
BRDA:5,9,1,2
BRDA:5,9,2,0
BRDA:7,10,0,1
BRDA:7,10,1,0
BRDA:7,10,2,1
BRDA:8,11,0,2
BRDA:8,11,1,0
BRDA:8,12,0,2
BRDA:8,12,1,2
BRF:29
BRH:15
end_of_record
TN:
SF:C:\workspace\WS\WS_ES_MAPPING_TS\src\test\resources\wrong-nested.entity.ts
FN:1,(anonymous_0)
FN:7,(anonymous_1)
FN:12,(anonymous_2)
FN:13,WrongNestedEntity
FNF:4
FNH:3
FNDA:1,(anonymous_0)
FNDA:1,(anonymous_1)
FNDA:1,(anonymous_2)
FNDA:0,WrongNestedEntity
DA:1,1
DA:2,1
DA:3,1
DA:4,0
DA:5,0
DA:7,1
DA:8,1
DA:12,1
DA:15,1
DA:21,0
DA:24,0
LF:11
LH:7
BRDA:1,0,0,1
BRDA:1,0,1,0
BRDA:1,0,2,1
BRDA:2,1,0,0
BRDA:2,1,1,1
BRDA:2,2,0,0
BRDA:2,2,1,1
BRDA:3,3,0,1
BRDA:3,3,1,0
BRDA:3,4,0,1
BRDA:3,4,1,1
BRDA:4,5,0,0
BRDA:4,5,1,0
BRDA:4,6,0,0
BRDA:4,6,1,0
BRDA:4,7,0,0
BRDA:4,7,1,0
BRDA:4,8,0,0
BRDA:4,8,1,0
BRDA:5,9,0,0
BRDA:5,9,1,0
BRDA:5,9,2,0
BRDA:7,10,0,1
BRDA:7,10,1,0
BRDA:7,10,2,1
BRDA:8,11,0,1
BRDA:8,11,1,0
BRDA:8,12,0,1
BRDA:8,12,1,1
BRDA:19,13,0,1
BRDA:19,13,1,1
BRDA:19,13,2,0
BRDA:19,14,0,1
BRDA:19,14,1,1
BRF:34
BRH:16
end_of_record
TN:
SF:C:\workspace\WS\WS_ES_MAPPING_TS\src\test\resources\wrong-relation.entity.ts
FN:1,(anonymous_0)
FN:7,(anonymous_1)
FN:11,(anonymous_2)
FN:12,WrongRelationEntity
FNF:4
FNH:3
FNDA:1,(anonymous_0)
FNDA:1,(anonymous_1)
FNDA:1,(anonymous_2)
FNDA:0,WrongRelationEntity
DA:1,1
DA:2,1
DA:3,1
DA:4,0
DA:5,0
DA:7,1
DA:8,1
DA:11,1
DA:14,1
DA:20,0
DA:23,0
LF:11
LH:7
BRDA:1,0,0,1
BRDA:1,0,1,0
BRDA:1,0,2,1
BRDA:2,1,0,0
BRDA:2,1,1,1
BRDA:2,2,0,0
BRDA:2,2,1,1
BRDA:3,3,0,1
BRDA:3,3,1,0
BRDA:3,4,0,1
BRDA:3,4,1,1
BRDA:4,5,0,0
BRDA:4,5,1,0
BRDA:4,6,0,0
BRDA:4,6,1,0
BRDA:4,7,0,0
BRDA:4,7,1,0
BRDA:4,8,0,0
BRDA:4,8,1,0
BRDA:5,9,0,0
BRDA:5,9,1,0
BRDA:5,9,2,0
BRDA:7,10,0,1
BRDA:7,10,1,0
BRDA:7,10,2,1
BRDA:8,11,0,1
BRDA:8,11,1,0
BRDA:8,12,0,1
BRDA:8,12,1,1
BRF:29
BRH:12
end_of_record
